[14:50:06.652][info] [#0:/home/james/.local/share/QuartoNvim/mason/packages/lua-language-server/libexec/main.lua:68]: Lua Lsp startup, root: 	/home/james/.local/share/QuartoNvim/mason/packages/lua-language-server/libexec
[14:50:06.652][info] [#0:/home/james/.local/share/QuartoNvim/mason/packages/lua-language-server/libexec/main.lua:69]: ROOT:	/home/james/.local/share/QuartoNvim/mason/packages/lua-language-server/libexec
[14:50:06.652][info] [#0:/home/james/.local/share/QuartoNvim/mason/packages/lua-language-server/libexec/main.lua:70]: LOGPATH:	/home/james/.local/share/QuartoNvim/mason/packages/lua-language-server/libexec/log
[14:50:06.652][info] [#0:/home/james/.local/share/QuartoNvim/mason/packages/lua-language-server/libexec/main.lua:71]: METAPATH:	/home/james/.local/share/QuartoNvim/mason/packages/lua-language-server/libexec/meta
[14:50:06.652][info] [#0:/home/james/.local/share/QuartoNvim/mason/packages/lua-language-server/libexec/main.lua:72]: VERSION:	3.11.0-dev
[14:50:06.686][info] [#0:script/proto/proto.lua:260]: Listen Mode: stdio
[14:50:06.686][info] [#0:script/service/service.lua:145]: 
========= Medical Examination Report =========
    --------------- Memory ---------------
        Total: 2.246 MB
        # 00 : 2.246 MB
        # 01 : 0.000 MB
        # 02 : 0.000 MB
        # 03 : 0.000 MB
        # 04 : 0.000 MB
    --------------- Coroutine ---------------
        Total:     0
        Running:   0
        Suspended: 0
        Normal:    0
        Dead:      0
    --------------- Cache ---------------
        Total: 1
        Dead:  0
    ---------------  RPC  ---------------
        Holdon:   0
        Waiting:  0
==============================================
[14:50:06.792][info] [#0:script/client.lua:657]: Client init	{
  capabilities = {
    general = {
      positionEncodings = { "utf-16" }
    },
    textDocument = {
      callHierarchy = {
        dynamicRegistration = false
      },
      codeAction = {
        codeActionLiteralSupport = {
          codeActionKind = {
            valueSet = { "", "quickfix", "refactor", "refactor.extract", "refactor.inline", "refactor.rewrite", "source", "source.organizeImports" }
          }
        },
        dataSupport = true,
        dynamicRegistration = true,
        isPreferredSupport = true,
        resolveSupport = {
          properties = { "edit" }
        }
      },
      completion = {
        completionItem = {
          commitCharactersSupport = true,
          deprecatedSupport = true,
          documentationFormat = { "markdown", "plaintext" },
          insertReplaceSupport = true,
          insertTextModeSupport = {
            valueSet = { 1, 2 }
          },
          labelDetailsSupport = true,
          preselectSupport = true,
          resolveSupport = {
            properties = { "documentation", "detail", "additionalTextEdits", "sortText", "filterText", "insertText", "textEdit", "insertTextFormat", "insertTextMode" }
          },
          snippetSupport = true,
          tagSupport = {
            valueSet = { 1 }
          }
        },
        completionItemKind = {
          valueSet = { 1, 2, 3, 4, 5, 6, 7, 8, 9, 10, 11, 12, 13, 14, 15, 16, 17, 18, 19, 20, 21, 22, 23, 24, 25 }
        },
        completionList = {
          itemDefaults = { "commitCharacters", "editRange", "insertTextFormat", "insertTextMode", "data" }
        },
        contextSupport = true,
        dynamicRegistration = false,
        insertTextMode = 1
      },
      declaration = {
        linkSupport = true
      },
      definition = {
        dynamicRegistration = true,
        linkSupport = true
      },
      diagnostic = {
        dynamicRegistration = false
      },
      documentHighlight = {
        dynamicRegistration = false
      },
      documentSymbol = {
        dynamicRegistration = false,
        hierarchicalDocumentSymbolSupport = true,
        symbolKind = {
          valueSet = { 1, 2, 3, 4, 5, 6, 7, 8, 9, 10, 11, 12, 13, 14, 15, 16, 17, 18, 19, 20, 21, 22, 23, 24, 25, 26 }
        }
      },
      formatting = {
        dynamicRegistration = true
      },
      hover = {
        contentFormat = { "markdown", "plaintext" },
        dynamicRegistration = true
      },
      implementation = {
        linkSupport = true
      },
      inlayHint = {
        dynamicRegistration = true,
        resolveSupport = {
          properties = { "textEdits", "tooltip", "location", "command" }
        }
      },
      publishDiagnostics = {
        dataSupport = true,
        relatedInformation = true,
        tagSupport = {
          valueSet = { 1, 2 }
        }
      },
      rangeFormatting = {
        dynamicRegistration = true
      },
      references = {
        dynamicRegistration = false
      },
      rename = {
        dynamicRegistration = true,
        prepareSupport = true
      },
      semanticTokens = {
        augmentsSyntaxTokens = true,
        dynamicRegistration = false,
        formats = { "relative" },
        multilineTokenSupport = false,
        overlappingTokenSupport = true,
        requests = {
          full = {
            delta = true
          },
          range = false
        },
        serverCancelSupport = false,
        tokenModifiers = { "declaration", "definition", "readonly", "static", "deprecated", "abstract", "async", "modification", "documentation", "defaultLibrary" },
        tokenTypes = { "namespace", "type", "class", "enum", "interface", "struct", "typeParameter", "parameter", "variable", "property", "enumMember", "event", "function", "method", "macro", "keyword", "modifier", "comment", "string", "number", "regexp", "operator", "decorator" }
      },
      signatureHelp = {
        dynamicRegistration = false,
        signatureInformation = {
          activeParameterSupport = true,
          documentationFormat = { "markdown", "plaintext" },
          parameterInformation = {
            labelOffsetSupport = true
          }
        }
      },
      synchronization = {
        didSave = true,
        dynamicRegistration = false,
        willSave = true,
        willSaveWaitUntil = true
      },
      typeDefinition = {
        linkSupport = true
      }
    },
    window = {
      showDocument = {
        support = true
      },
      showMessage = {
        messageActionItem = {
          additionalPropertiesSupport = false
        }
      },
      workDoneProgress = true
    },
    workspace = {
      applyEdit = true,
      configuration = true,
      didChangeConfiguration = {
        dynamicRegistration = false
      },
      didChangeWatchedFiles = {
        dynamicRegistration = false,
        relativePatternSupport = true
      },
      inlayHint = {
        refreshSupport = true
      },
      semanticTokens = {
        refreshSupport = true
      },
      symbol = {
        dynamicRegistration = false,
        symbolKind = {
          valueSet = { 1, 2, 3, 4, 5, 6, 7, 8, 9, 10, 11, 12, 13, 14, 15, 16, 17, 18, 19, 20, 21, 22, 23, 24, 25, 26 }
        }
      },
      workspaceEdit = {
        resourceOperations = { "rename", "create", "delete" }
      },
      workspaceFolders = true
    }
  },
  clientInfo = {
    name = "Neovim",
    version = "0.10.2+v0.10.2"
  },
  initializationOptions = {},
  processId = 24131,
  rootPath = "/home/james/.config/QuartoNvim",
  rootUri = "file:///home/james/.config/QuartoNvim",
  trace = "off",
  workDoneToken = "1",
  workspaceFolders = { {
      name = "/home/james/.config/QuartoNvim",
      uri = "file:///home/james/.config/QuartoNvim"
    } }
}
[14:50:06.792][info] [#0:script/language.lua:137]: VSC language: nil
[14:50:06.792][info] [#0:script/language.lua:138]: LS  language: en-us
[14:50:06.792][info] [#0:script/workspace/workspace.lua:38]: Workspace init root: 	file:///home/james/.config/QuartoNvim
[14:50:06.792][info] [#0:script/workspace/workspace.lua:42]: Log path: 	/home/james/.local/share/QuartoNvim/mason/packages/lua-language-server/libexec/log/file_home_james_.config_QuartoNvim.log
[14:50:06.792][info] [#0:script/workspace/workspace.lua:48]: Workspace create: 	file:///home/james/.config/QuartoNvim
[14:50:07.095][info] [#0:script/provider/provider.lua:48]: Load config from client	file:///home/james/.config/QuartoNvim
[14:50:07.095][info] [#0:script/provider/provider.lua:49]: {
  Lua = {
    completion = {
      callSnippet = "Replace"
    },
    diagnostics = {
      disable = { "trailing-space" }
    },
    doc = {
      privateName = { "^_" }
    },
    runtime = {
      path = { "?.lua", "?/init.lua" },
      pathStrict = true,
      version = "LuaJIT"
    },
    telemetry = {
      enable = false
    },
    workspace = {
      checkThirdParty = false,
      ignoreDir = { "/lua" },
      library = { "/usr/share/nvim/runtime/lua", "/home/james/.config/QuartoNvim/lua" }
    }
  }
}
[14:50:07.095][info] [#0:script/provider/provider.lua:48]: Load config from client	file:///home/james/.config/QuartoNvim
[14:50:07.095][info] [#0:script/provider/provider.lua:49]: {
  Lua = {
    completion = {
      callSnippet = "Replace"
    },
    diagnostics = {
      disable = { "trailing-space" }
    },
    doc = {
      privateName = { "^_" }
    },
    runtime = {
      path = { "?.lua", "?/init.lua" },
      pathStrict = true,
      version = "LuaJIT"
    },
    telemetry = {
      enable = false
    },
    workspace = {
      checkThirdParty = false,
      ignoreDir = { "/lua" },
      library = { "/usr/share/nvim/runtime/lua", "/home/james/.config/QuartoNvim/lua" }
    }
  }
}
[14:50:07.096][info] [#0:script/provider/provider.lua:48]: Load config from client	file:///home/james/.config/QuartoNvim
[14:50:07.096][info] [#0:script/provider/provider.lua:49]: {
  Lua = {
    completion = {
      callSnippet = "Replace"
    },
    diagnostics = {
      disable = { "trailing-space" }
    },
    doc = {
      privateName = { "^_" }
    },
    runtime = {
      path = { "?.lua", "?/init.lua" },
      pathStrict = true,
      version = "LuaJIT"
    },
    telemetry = {
      enable = false
    },
    workspace = {
      checkThirdParty = false,
      ignoreDir = { "/lua" },
      library = { "/usr/share/nvim/runtime/lua", "/home/james/.config/QuartoNvim/lua" }
    }
  }
}
[14:50:07.096][warn] [#0:script/config/loader.lua:116]: No config?	{}
[14:50:07.096][info] [#0:script/provider/provider.lua:64]: Load config from client	fallback
[14:50:07.096][info] [#0:script/provider/provider.lua:65]: nil
[14:50:07.096][warn] [#0:script/config/loader.lua:116]: No config?	{}
[14:50:07.096][info] [#0:script/provider/provider.lua:64]: Load config from client	fallback
[14:50:07.096][info] [#0:script/provider/provider.lua:65]: nil
[14:50:07.096][warn] [#0:script/config/loader.lua:116]: No config?	{}
[14:50:07.096][info] [#0:script/provider/provider.lua:64]: Load config from client	fallback
[14:50:07.096][info] [#0:script/provider/provider.lua:65]: nil
[14:50:07.224][info] [#0:script/library.lua:212]: Init builtin library at:	file:///home/james/.config/QuartoNvim
[14:50:07.241][info] [#0:script/library.lua:212]: Init builtin library at:	nil
[14:50:07.351][info] [#0:script/workspace/workspace.lua:324]: Preload start:	file:///home/james/.config/QuartoNvim
[14:50:07.369][info] [#0:script/workspace/workspace.lua:330]: Scan files at:	file:///home/james/.config/QuartoNvim
[14:50:07.375][info] [#0:script/workspace/workspace.lua:324]: Preload start:	<fallback>
[14:50:07.382][info] [#0:script/workspace/workspace.lua:353]: Scan library at:	file:///home/james/.local/share/QuartoNvim/mason/packages/lua-language-server/libexec/meta/Lua%205.4%20en-us%20utf8/os.lua
[14:50:07.383][info] [#0:script/workspace/workspace.lua:353]: Scan library at:	file:///home/james/.local/share/QuartoNvim/mason/packages/lua-language-server/libexec/meta/Lua%205.4%20en-us%20utf8/debug.lua
[14:50:07.383][info] [#0:script/workspace/workspace.lua:353]: Scan library at:	file:///home/james/.local/share/QuartoNvim/mason/packages/lua-language-server/libexec/meta/Lua%205.4%20en-us%20utf8/coroutine.lua
[14:50:07.384][info] [#0:script/workspace/workspace.lua:353]: Scan library at:	file:///home/james/.local/share/QuartoNvim/mason/packages/lua-language-server/libexec/meta/Lua%205.4%20en-us%20utf8/string.lua
[14:50:07.384][info] [#0:script/workspace/workspace.lua:353]: Scan library at:	file:///home/james/.local/share/QuartoNvim/mason/packages/lua-language-server/libexec/meta/Lua%205.4%20en-us%20utf8/table.lua
[14:50:07.385][info] [#0:script/workspace/workspace.lua:353]: Scan library at:	file:///home/james/.local/share/QuartoNvim/mason/packages/lua-language-server/libexec/meta/Lua%205.4%20en-us%20utf8/io.lua
[14:50:07.385][info] [#0:script/workspace/workspace.lua:353]: Scan library at:	file:///home/james/.local/share/QuartoNvim/mason/packages/lua-language-server/libexec/meta/Lua%205.4%20en-us%20utf8/package.lua
[14:50:07.386][info] [#0:script/workspace/workspace.lua:353]: Scan library at:	file:///home/james/.local/share/QuartoNvim/mason/packages/lua-language-server/libexec/meta/Lua%205.4%20en-us%20utf8/basic.lua
[14:50:07.386][info] [#0:script/workspace/workspace.lua:353]: Scan library at:	file:///home/james/.local/share/QuartoNvim/mason/packages/lua-language-server/libexec/meta/Lua%205.4%20en-us%20utf8/builtin.lua
[14:50:07.387][info] [#0:script/workspace/workspace.lua:353]: Scan library at:	file:///home/james/.local/share/QuartoNvim/mason/packages/lua-language-server/libexec/meta/Lua%205.4%20en-us%20utf8/math.lua
[14:50:07.387][info] [#0:script/workspace/workspace.lua:353]: Scan library at:	file:///home/james/.local/share/QuartoNvim/mason/packages/lua-language-server/libexec/meta/Lua%205.4%20en-us%20utf8/utf8.lua
[14:50:07.391][info] [#0:script/workspace/workspace.lua:353]: Scan library at:	file:///home/james/.config/QuartoNvim/lua
[14:50:07.394][info] [#0:script/workspace/workspace.lua:353]: Scan library at:	file:///home/james/.local/share/QuartoNvim/mason/packages/lua-language-server/libexec/meta/LuaJIT%20en-us%20utf8/ffi.lua
[14:50:07.394][info] [#0:script/workspace/workspace.lua:353]: Scan library at:	file:///home/james/.local/share/QuartoNvim/mason/packages/lua-language-server/libexec/meta/LuaJIT%20en-us%20utf8/jit/util.lua
[14:50:07.394][info] [#0:script/workspace/workspace.lua:353]: Scan library at:	file:///home/james/.local/share/QuartoNvim/mason/packages/lua-language-server/libexec/meta/LuaJIT%20en-us%20utf8/bit.lua
[14:50:07.394][info] [#0:script/workspace/workspace.lua:353]: Scan library at:	file:///home/james/.local/share/QuartoNvim/mason/packages/lua-language-server/libexec/meta/LuaJIT%20en-us%20utf8/os.lua
[14:50:07.395][info] [#0:script/workspace/workspace.lua:353]: Scan library at:	file:///home/james/.local/share/QuartoNvim/mason/packages/lua-language-server/libexec/meta/LuaJIT%20en-us%20utf8/math.lua
[14:50:07.395][info] [#0:script/workspace/workspace.lua:353]: Scan library at:	file:///home/james/.local/share/QuartoNvim/mason/packages/lua-language-server/libexec/meta/LuaJIT%20en-us%20utf8/table/clear.lua
[14:50:07.395][info] [#0:script/workspace/workspace.lua:353]: Scan library at:	file:///home/james/.local/share/QuartoNvim/mason/packages/lua-language-server/libexec/meta/LuaJIT%20en-us%20utf8/coroutine.lua
[14:50:07.395][info] [#0:script/workspace/workspace.lua:353]: Scan library at:	file:///home/james/.local/share/QuartoNvim/mason/packages/lua-language-server/libexec/meta/LuaJIT%20en-us%20utf8/table/new.lua
[14:50:07.395][info] [#0:script/workspace/workspace.lua:353]: Scan library at:	file:///home/james/.local/share/QuartoNvim/mason/packages/lua-language-server/libexec/meta/LuaJIT%20en-us%20utf8/builtin.lua
[14:50:07.395][info] [#0:script/workspace/workspace.lua:353]: Scan library at:	file:///home/james/.local/share/QuartoNvim/mason/packages/lua-language-server/libexec/meta/LuaJIT%20en-us%20utf8/string.lua
[14:50:07.395][info] [#0:script/workspace/workspace.lua:353]: Scan library at:	file:///home/james/.local/share/QuartoNvim/mason/packages/lua-language-server/libexec/meta/LuaJIT%20en-us%20utf8/string/buffer.lua
[14:50:07.396][info] [#0:script/workspace/workspace.lua:353]: Scan library at:	file:///home/james/.local/share/QuartoNvim/mason/packages/lua-language-server/libexec/meta/LuaJIT%20en-us%20utf8/io.lua
[14:50:07.396][info] [#0:script/workspace/workspace.lua:353]: Scan library at:	file:///home/james/.local/share/QuartoNvim/mason/packages/lua-language-server/libexec/meta/LuaJIT%20en-us%20utf8/basic.lua
[14:50:07.396][info] [#0:script/workspace/workspace.lua:353]: Scan library at:	file:///home/james/.local/share/QuartoNvim/mason/packages/lua-language-server/libexec/meta/LuaJIT%20en-us%20utf8/table.lua
[14:50:07.396][info] [#0:script/workspace/workspace.lua:353]: Scan library at:	file:///home/james/.local/share/QuartoNvim/mason/packages/lua-language-server/libexec/meta/LuaJIT%20en-us%20utf8/debug.lua
[14:50:07.396][info] [#0:script/workspace/workspace.lua:353]: Scan library at:	file:///home/james/.local/share/QuartoNvim/mason/packages/lua-language-server/libexec/meta/LuaJIT%20en-us%20utf8/package.lua
[14:50:07.397][info] [#0:script/workspace/workspace.lua:353]: Scan library at:	file:///home/james/.local/share/QuartoNvim/mason/packages/lua-language-server/libexec/meta/LuaJIT%20en-us%20utf8/jit.lua
[14:50:07.397][info] [#0:script/workspace/workspace.lua:353]: Scan library at:	file:///usr/share/nvim/runtime/lua
[14:50:07.407][info] [#0:script/workspace/workspace.lua:353]: Scan library at:	file:///home/james/.local/share/QuartoNvim/mason/packages/lua-language-server/libexec/meta/LuaJIT%20en-us%20utf8/jit/profile.lua
[14:50:07.508][info] [#0:script/workspace/workspace.lua:379]: Found 11 files at:	<fallback>
[14:50:07.508][info] [#0:script/workspace/loading.lua:160]: Load files from disk:	<fallback>
[14:50:07.508][info] [#0:script/workspace/workspace.lua:379]: Found 151 files at:	file:///home/james/.config/QuartoNvim
[14:50:07.508][info] [#0:script/workspace/loading.lua:160]: Load files from disk:	file:///home/james/.config/QuartoNvim
[14:50:07.512][info] [#0:script/workspace/loading.lua:100]: Preload file at: file:///home/james/.local/share/QuartoNvim/mason/packages/lua-language-server/libexec/meta/LuaJIT%20en-us%20utf8/jit/profile.lua , size = 0.348 KB
[14:50:07.516][info] [#0:script/workspace/loading.lua:112]: ++++As library of:	file:///home/james/.local/share/QuartoNvim/mason/packages/lua-language-server/libexec/meta/LuaJIT%20en-us%20utf8/jit/profile.lua
[14:50:07.516][info] [#0:script/workspace/loading.lua:100]: Preload file at: file:///home/james/.local/share/QuartoNvim/mason/packages/lua-language-server/libexec/meta/Lua%205.4%20en-us%20utf8/utf8.lua , size = 2.386 KB
[14:50:07.523][info] [#0:script/workspace/loading.lua:112]: ++++As library of:	file:///home/james/.local/share/QuartoNvim/mason/packages/lua-language-server/libexec/meta/Lua%205.4%20en-us%20utf8/utf8.lua
[14:50:07.523][info] [#0:script/workspace/loading.lua:100]: Preload file at: file:///home/james/.local/share/QuartoNvim/mason/packages/lua-language-server/libexec/meta/Lua%205.4%20en-us%20utf8/math.lua , size = 8.509 KB
[14:50:07.544][info] [#0:script/workspace/loading.lua:112]: ++++As library of:	file:///home/james/.local/share/QuartoNvim/mason/packages/lua-language-server/libexec/meta/Lua%205.4%20en-us%20utf8/math.lua
[14:50:07.544][info] [#0:script/workspace/loading.lua:100]: Preload file at: file:///home/james/.local/share/QuartoNvim/mason/packages/lua-language-server/libexec/meta/Lua%205.4%20en-us%20utf8/builtin.lua , size = 0.302 KB
[14:50:07.546][info] [#0:script/workspace/loading.lua:112]: ++++As library of:	file:///home/james/.local/share/QuartoNvim/mason/packages/lua-language-server/libexec/meta/Lua%205.4%20en-us%20utf8/builtin.lua
[14:50:07.546][info] [#0:script/workspace/loading.lua:100]: Preload file at: file:///usr/share/nvim/runtime/lua/nvim/health.lua , size = 12.509 KB
[14:50:07.556][info] [#0:script/workspace/loading.lua:112]: ++++As library of:	file:///usr/share/nvim/runtime/lua
[14:50:07.556][info] [#0:script/workspace/loading.lua:100]: Preload file at: file:///home/james/.local/share/QuartoNvim/mason/packages/lua-language-server/libexec/meta/Lua%205.4%20en-us%20utf8/basic.lua , size = 15.621 KB
[14:50:07.567][info] [#0:script/workspace/loading.lua:112]: ++++As library of:	file:///home/james/.local/share/QuartoNvim/mason/packages/lua-language-server/libexec/meta/Lua%205.4%20en-us%20utf8/basic.lua
[14:50:07.567][info] [#0:script/workspace/loading.lua:100]: Preload file at: file:///usr/share/nvim/runtime/lua/vim/filetype/options.lua , size = 2.559 KB
[14:50:07.569][info] [#0:script/workspace/loading.lua:112]: ++++As library of:	file:///usr/share/nvim/runtime/lua
[14:50:07.569][info] [#0:script/workspace/loading.lua:100]: Preload file at: file:///home/james/.local/share/QuartoNvim/mason/packages/lua-language-server/libexec/meta/Lua%205.4%20en-us%20utf8/package.lua , size = 2.944 KB
[14:50:07.570][info] [#0:script/workspace/loading.lua:112]: ++++As library of:	file:///home/james/.local/share/QuartoNvim/mason/packages/lua-language-server/libexec/meta/Lua%205.4%20en-us%20utf8/package.lua
[14:50:07.570][info] [#0:script/workspace/loading.lua:100]: Preload file at: file:///usr/share/nvim/runtime/lua/vim/filetype/detect.lua , size = 57.151 KB
[14:50:07.603][info] [#0:script/workspace/loading.lua:112]: ++++As library of:	file:///usr/share/nvim/runtime/lua
[14:50:07.603][info] [#0:script/workspace/loading.lua:100]: Preload file at: file:///home/james/.local/share/QuartoNvim/mason/packages/lua-language-server/libexec/meta/Lua%205.4%20en-us%20utf8/io.lua , size = 6.364 KB
[14:50:07.607][info] [#0:script/workspace/loading.lua:112]: ++++As library of:	file:///home/james/.local/share/QuartoNvim/mason/packages/lua-language-server/libexec/meta/Lua%205.4%20en-us%20utf8/io.lua
[14:50:07.607][info] [#0:script/workspace/loading.lua:100]: Preload file at: file:///usr/share/nvim/runtime/lua/vim/lsp/_changetracking.lua , size = 11.492 KB
[14:50:07.613][info] [#0:script/workspace/loading.lua:112]: ++++As library of:	file:///usr/share/nvim/runtime/lua
[14:50:07.613][info] [#0:script/workspace/loading.lua:100]: Preload file at: file:///home/james/.local/share/QuartoNvim/mason/packages/lua-language-server/libexec/meta/Lua%205.4%20en-us%20utf8/table.lua , size = 4.235 KB
[14:50:07.616][info] [#0:script/workspace/loading.lua:112]: ++++As library of:	file:///home/james/.local/share/QuartoNvim/mason/packages/lua-language-server/libexec/meta/Lua%205.4%20en-us%20utf8/table.lua
[14:50:07.616][info] [#0:script/workspace/loading.lua:100]: Preload file at: file:///usr/share/nvim/runtime/lua/vim/lsp/_completion.lua , size = 8.965 KB
[14:50:07.625][info] [#0:script/workspace/loading.lua:112]: ++++As library of:	file:///usr/share/nvim/runtime/lua
[14:50:07.626][info] [#0:script/workspace/loading.lua:100]: Preload file at: file:///home/james/.local/share/QuartoNvim/mason/packages/lua-language-server/libexec/meta/Lua%205.4%20en-us%20utf8/string.lua , size = 6.327 KB
[14:50:07.629][info] [#0:script/workspace/loading.lua:112]: ++++As library of:	file:///home/james/.local/share/QuartoNvim/mason/packages/lua-language-server/libexec/meta/Lua%205.4%20en-us%20utf8/string.lua
[14:50:07.629][info] [#0:script/workspace/loading.lua:100]: Preload file at: file:///usr/share/nvim/runtime/lua/vim/lsp/_dynamic.lua , size = 2.973 KB
[14:50:07.631][info] [#0:script/workspace/loading.lua:112]: ++++As library of:	file:///usr/share/nvim/runtime/lua
[14:50:07.632][info] [#0:script/workspace/loading.lua:100]: Preload file at: file:///home/james/.local/share/QuartoNvim/mason/packages/lua-language-server/libexec/meta/Lua%205.4%20en-us%20utf8/coroutine.lua , size = 2.590 KB
[14:50:07.633][info] [#0:script/workspace/loading.lua:112]: ++++As library of:	file:///home/james/.local/share/QuartoNvim/mason/packages/lua-language-server/libexec/meta/Lua%205.4%20en-us%20utf8/coroutine.lua
[14:50:07.633][info] [#0:script/workspace/loading.lua:100]: Preload file at: file:///usr/share/nvim/runtime/lua/vim/lsp/_meta/protocol.lua , size = 175.343 KB
[14:50:07.692][info] [#0:script/workspace/loading.lua:112]: ++++As library of:	file:///usr/share/nvim/runtime/lua
[14:50:07.692][info] [#0:script/workspace/loading.lua:100]: Preload file at: file:///usr/share/nvim/runtime/lua/vim/lsp/_meta.lua , size = 0.440 KB
[14:50:07.693][info] [#0:script/workspace/loading.lua:112]: ++++As library of:	file:///usr/share/nvim/runtime/lua
[14:50:07.693][info] [#0:script/workspace/loading.lua:100]: Preload file at: file:///home/james/.local/share/QuartoNvim/mason/packages/lua-language-server/libexec/meta/Lua%205.4%20en-us%20utf8/debug.lua , size = 7.637 KB
[14:50:07.698][info] [#0:script/workspace/loading.lua:112]: ++++As library of:	file:///home/james/.local/share/QuartoNvim/mason/packages/lua-language-server/libexec/meta/Lua%205.4%20en-us%20utf8/debug.lua
[14:50:07.698][info] [#0:script/workspace/loading.lua:100]: Preload file at: file:///usr/share/nvim/runtime/lua/vim/lsp/_snippet_grammar.lua , size = 6.179 KB
[14:50:07.703][info] [#0:script/workspace/loading.lua:112]: ++++As library of:	file:///usr/share/nvim/runtime/lua
[14:50:07.703][info] [#0:script/workspace/loading.lua:100]: Preload file at: file:///home/james/.local/share/QuartoNvim/mason/packages/lua-language-server/libexec/meta/Lua%205.4%20en-us%20utf8/os.lua , size = 5.600 KB
[14:50:07.706][info] [#0:script/workspace/loading.lua:112]: ++++As library of:	file:///home/james/.local/share/QuartoNvim/mason/packages/lua-language-server/libexec/meta/Lua%205.4%20en-us%20utf8/os.lua
[14:50:07.706][info] [#0:script/workspace/loading.lua:100]: Preload file at: file:///usr/share/nvim/runtime/lua/vim/lsp/_tagfunc.lua , size = 2.787 KB
[14:50:07.708][info] [#0:script/workspace/loading.lua:112]: ++++As library of:	file:///usr/share/nvim/runtime/lua
[14:50:07.708][info] [#0:script/workspace/loading.lua:172]: Loaded files takes [0.207] sec: <fallback>
[14:50:07.708][info] [#0:script/workspace/loading.lua:181]: Compile files takes [0.000] sec: <fallback>
[14:50:07.708][info] [#0:script/workspace/loading.lua:182]: Loaded finish:	<fallback>
[14:50:07.708][info] [#0:script/workspace/workspace.lua:381]: Preload finish at:	<fallback>
[14:50:07.711][info] [#0:script/workspace/loading.lua:100]: Preload file at: file:///usr/share/nvim/runtime/lua/vim/lsp/buf.lua , size = 31.091 KB
[14:50:07.736][info] [#0:script/workspace/loading.lua:112]: ++++As library of:	file:///usr/share/nvim/runtime/lua
[14:50:07.736][info] [#0:script/workspace/loading.lua:100]: Preload file at: file:///usr/share/nvim/runtime/lua/vim/lsp/client.lua , size = 38.013 KB
[14:50:07.755][info] [#0:script/workspace/loading.lua:112]: ++++As library of:	file:///usr/share/nvim/runtime/lua
[14:50:07.755][info] [#0:script/workspace/loading.lua:100]: Preload file at: file:///usr/share/nvim/runtime/lua/vim/lsp/_watchfiles.lua , size = 6.889 KB
[14:50:07.759][info] [#0:script/workspace/loading.lua:112]: ++++As library of:	file:///usr/share/nvim/runtime/lua
[14:50:07.759][info] [#0:script/workspace/loading.lua:100]: Preload file at: file:///usr/share/nvim/runtime/lua/vim/lsp/codelens.lua , size = 9.336 KB
[14:50:07.764][info] [#0:script/workspace/loading.lua:112]: ++++As library of:	file:///usr/share/nvim/runtime/lua
[14:50:07.764][info] [#0:script/workspace/loading.lua:100]: Preload file at: file:///usr/share/nvim/runtime/lua/vim/lsp/diagnostic.lua , size = 13.852 KB
[14:50:07.772][info] [#0:script/workspace/loading.lua:112]: ++++As library of:	file:///usr/share/nvim/runtime/lua
[14:50:07.772][info] [#0:script/workspace/loading.lua:100]: Preload file at: file:///usr/share/nvim/runtime/lua/vim/lsp/handlers.lua , size = 26.781 KB
[14:50:07.785][info] [#0:script/workspace/loading.lua:112]: ++++As library of:	file:///usr/share/nvim/runtime/lua
[14:50:07.785][info] [#0:script/workspace/loading.lua:100]: Preload file at: file:///usr/share/nvim/runtime/lua/vim/lsp/inlay_hint.lua , size = 12.172 KB
[14:50:07.792][info] [#0:script/workspace/loading.lua:112]: ++++As library of:	file:///usr/share/nvim/runtime/lua
[14:50:07.792][info] [#0:script/workspace/loading.lua:100]: Preload file at: file:///usr/share/nvim/runtime/lua/vim/lsp/health.lua , size = 5.398 KB
[14:50:07.795][info] [#0:script/workspace/loading.lua:112]: ++++As library of:	file:///usr/share/nvim/runtime/lua
[14:50:07.795][info] [#0:script/workspace/loading.lua:100]: Preload file at: file:///usr/share/nvim/runtime/lua/vim/lsp/log.lua , size = 4.673 KB
[14:50:07.799][info] [#0:script/workspace/loading.lua:112]: ++++As library of:	file:///usr/share/nvim/runtime/lua
[14:50:07.799][info] [#0:script/workspace/loading.lua:100]: Preload file at: file:///usr/share/nvim/runtime/lua/vim/lsp/rpc.lua , size = 25.991 KB
[14:50:07.812][info] [#0:script/workspace/loading.lua:112]: ++++As library of:	file:///usr/share/nvim/runtime/lua
[14:50:07.812][info] [#0:script/workspace/loading.lua:100]: Preload file at: file:///usr/share/nvim/runtime/lua/vim/lsp/protocol.lua , size = 48.943 KB
[14:50:07.822][info] [#0:script/workspace/loading.lua:112]: ++++As library of:	file:///usr/share/nvim/runtime/lua
[14:50:07.822][info] [#0:script/workspace/loading.lua:100]: Preload file at: file:///usr/share/nvim/runtime/lua/vim/lsp/semantic_tokens.lua , size = 26.267 KB
[14:50:07.857][info] [#0:script/workspace/loading.lua:112]: ++++As library of:	file:///usr/share/nvim/runtime/lua
[14:50:07.857][info] [#0:script/workspace/loading.lua:100]: Preload file at: file:///usr/share/nvim/runtime/lua/vim/lsp/sync.lua , size = 16.226 KB
[14:50:07.864][info] [#0:script/workspace/loading.lua:112]: ++++As library of:	file:///usr/share/nvim/runtime/lua
[14:50:07.864][info] [#0:script/workspace/loading.lua:100]: Preload file at: file:///usr/share/nvim/runtime/lua/vim/lsp/util.lua , size = 77.017 KB
[14:50:07.901][info] [#0:script/workspace/loading.lua:112]: ++++As library of:	file:///usr/share/nvim/runtime/lua
[14:50:07.908][info] [#0:script/workspace/loading.lua:100]: Preload file at: file:///usr/share/nvim/runtime/lua/vim/treesitter/_meta.lua , size = 4.483 KB
[14:50:07.913][info] [#0:script/workspace/loading.lua:112]: ++++As library of:	file:///usr/share/nvim/runtime/lua
[14:50:07.913][info] [#0:script/workspace/loading.lua:100]: Preload file at: file:///usr/share/nvim/runtime/lua/vim/treesitter/_fold.lua , size = 14.081 KB
[14:50:07.920][info] [#0:script/workspace/loading.lua:112]: ++++As library of:	file:///usr/share/nvim/runtime/lua
[14:50:07.920][info] [#0:script/workspace/loading.lua:100]: Preload file at: file:///usr/share/nvim/runtime/lua/vim/treesitter/_range.lua , size = 3.869 KB
[14:50:07.923][info] [#0:script/workspace/loading.lua:112]: ++++As library of:	file:///usr/share/nvim/runtime/lua
[14:50:07.923][info] [#0:script/workspace/loading.lua:100]: Preload file at: file:///usr/share/nvim/runtime/lua/vim/treesitter/_query_linter.lua , size = 7.627 KB
[14:50:07.929][info] [#0:script/workspace/loading.lua:112]: ++++As library of:	file:///usr/share/nvim/runtime/lua
[14:50:07.929][info] [#0:script/workspace/loading.lua:100]: Preload file at: file:///usr/share/nvim/runtime/lua/vim/treesitter/health.lua , size = 0.856 KB
[14:50:07.929][info] [#0:script/workspace/loading.lua:112]: ++++As library of:	file:///usr/share/nvim/runtime/lua
[14:50:07.930][info] [#0:script/workspace/loading.lua:100]: Preload file at: file:///usr/share/nvim/runtime/lua/vim/treesitter/highlighter.lua , size = 11.811 KB
[14:50:07.937][info] [#0:script/workspace/loading.lua:112]: ++++As library of:	file:///usr/share/nvim/runtime/lua
[14:50:07.937][info] [#0:script/workspace/loading.lua:100]: Preload file at: file:///usr/share/nvim/runtime/lua/vim/treesitter/language.lua , size = 3.684 KB
[14:50:07.940][info] [#0:script/workspace/loading.lua:112]: ++++As library of:	file:///usr/share/nvim/runtime/lua
[14:50:07.940][info] [#0:script/workspace/loading.lua:100]: Preload file at: file:///usr/share/nvim/runtime/lua/vim/treesitter/dev.lua , size = 19.644 KB
[14:50:07.951][info] [#0:script/workspace/loading.lua:112]: ++++As library of:	file:///usr/share/nvim/runtime/lua
[14:50:07.951][info] [#0:script/workspace/loading.lua:100]: Preload file at: file:///usr/share/nvim/runtime/lua/vim/treesitter/languagetree.lua , size = 33.292 KB
[14:50:07.970][info] [#0:script/workspace/loading.lua:112]: ++++As library of:	file:///usr/share/nvim/runtime/lua
[14:50:07.970][info] [#0:script/workspace/loading.lua:100]: Preload file at: file:///usr/share/nvim/runtime/lua/vim/treesitter/query.lua , size = 32.301 KB
[14:50:07.987][info] [#0:script/workspace/loading.lua:112]: ++++As library of:	file:///usr/share/nvim/runtime/lua
[14:50:07.987][info] [#0:script/workspace/loading.lua:100]: Preload file at: file:///usr/share/nvim/runtime/lua/vim/_meta/api_keysets.lua , size = 8.292 KB
[14:50:08.016][info] [#0:script/workspace/loading.lua:112]: ++++As library of:	file:///usr/share/nvim/runtime/lua
[14:50:08.016][info] [#0:script/workspace/loading.lua:100]: Preload file at: file:///usr/share/nvim/runtime/lua/vim/_meta/api_keysets_extra.lua , size = 4.535 KB
[14:50:08.020][info] [#0:script/workspace/loading.lua:112]: ++++As library of:	file:///usr/share/nvim/runtime/lua
[14:50:08.020][info] [#0:script/workspace/loading.lua:100]: Preload file at: file:///usr/share/nvim/runtime/lua/vim/_meta/base64.lua , size = 0.307 KB
[14:50:08.020][info] [#0:script/workspace/loading.lua:112]: ++++As library of:	file:///usr/share/nvim/runtime/lua
[14:50:08.020][info] [#0:script/workspace/loading.lua:100]: Preload file at: file:///usr/share/nvim/runtime/lua/vim/_meta/api.lua , size = 97.321 KB
[14:50:08.054][info] [#0:script/workspace/loading.lua:112]: ++++As library of:	file:///usr/share/nvim/runtime/lua
[14:50:08.054][info] [#0:script/workspace/loading.lua:100]: Preload file at: file:///usr/share/nvim/runtime/lua/vim/_meta/builtin_types.lua , size = 3.362 KB
[14:50:08.056][info] [#0:script/workspace/loading.lua:112]: ++++As library of:	file:///usr/share/nvim/runtime/lua
[14:50:08.056][info] [#0:script/workspace/loading.lua:100]: Preload file at: file:///usr/share/nvim/runtime/lua/vim/_meta/diff.lua , size = 2.492 KB
[14:50:08.057][info] [#0:script/workspace/loading.lua:112]: ++++As library of:	file:///usr/share/nvim/runtime/lua
[14:50:08.057][info] [#0:script/workspace/loading.lua:100]: Preload file at: file:///usr/share/nvim/runtime/lua/vim/_meta/json.lua , size = 1.359 KB
[14:50:08.058][info] [#0:script/workspace/loading.lua:112]: ++++As library of:	file:///usr/share/nvim/runtime/lua
[14:50:08.058][info] [#0:script/workspace/loading.lua:100]: Preload file at: file:///usr/share/nvim/runtime/lua/vim/_meta/builtin.lua , size = 11.183 KB
[14:50:08.061][info] [#0:script/workspace/loading.lua:112]: ++++As library of:	file:///usr/share/nvim/runtime/lua
[14:50:08.061][info] [#0:script/workspace/loading.lua:100]: Preload file at: file:///usr/share/nvim/runtime/lua/vim/_meta/misc.lua , size = 0.291 KB
[14:50:08.062][info] [#0:script/workspace/loading.lua:112]: ++++As library of:	file:///usr/share/nvim/runtime/lua
[14:50:08.062][info] [#0:script/workspace/loading.lua:100]: Preload file at: file:///usr/share/nvim/runtime/lua/vim/_meta/mpack.lua , size = 0.478 KB
[14:50:08.062][info] [#0:script/workspace/loading.lua:112]: ++++As library of:	file:///usr/share/nvim/runtime/lua
[14:50:08.062][info] [#0:script/workspace/loading.lua:100]: Preload file at: file:///usr/share/nvim/runtime/lua/vim/_meta/lpeg.lua , size = 15.348 KB
[14:50:08.067][info] [#0:script/workspace/loading.lua:112]: ++++As library of:	file:///usr/share/nvim/runtime/lua
[14:50:08.067][info] [#0:script/workspace/loading.lua:100]: Preload file at: file:///usr/share/nvim/runtime/lua/vim/_meta/re.lua , size = 2.217 KB
[14:50:08.068][info] [#0:script/workspace/loading.lua:112]: ++++As library of:	file:///usr/share/nvim/runtime/lua
[14:50:08.068][info] [#0:script/workspace/loading.lua:100]: Preload file at: file:///usr/share/nvim/runtime/lua/vim/_meta/regex.lua , size = 1.347 KB
[14:50:08.069][info] [#0:script/workspace/loading.lua:112]: ++++As library of:	file:///usr/share/nvim/runtime/lua
[14:50:08.069][info] [#0:script/workspace/loading.lua:100]: Preload file at: file:///usr/share/nvim/runtime/lua/vim/_meta/spell.lua , size = 0.943 KB
[14:50:08.070][info] [#0:script/workspace/loading.lua:112]: ++++As library of:	file:///usr/share/nvim/runtime/lua
[14:50:08.070][info] [#0:script/workspace/loading.lua:100]: Preload file at: file:///usr/share/nvim/runtime/lua/vim/_meta/options.lua , size = 323.972 KB
[14:50:08.176][info] [#0:script/workspace/loading.lua:112]: ++++As library of:	file:///usr/share/nvim/runtime/lua
[14:50:08.209][info] [#0:script/workspace/loading.lua:100]: Preload file at: file:///usr/share/nvim/runtime/lua/vim/_meta/vimfn.lua , size = 398.838 KB
[14:50:08.337][info] [#0:script/workspace/loading.lua:112]: ++++As library of:	file:///usr/share/nvim/runtime/lua
[14:50:08.337][info] [#0:script/workspace/loading.lua:100]: Preload file at: file:///usr/share/nvim/runtime/lua/vim/func/_memoize.lua , size = 1.354 KB
[14:50:08.339][info] [#0:script/workspace/loading.lua:112]: ++++As library of:	file:///usr/share/nvim/runtime/lua
[14:50:08.339][info] [#0:script/workspace/loading.lua:100]: Preload file at: file:///usr/share/nvim/runtime/lua/vim/provider/perl.lua , size = 1.998 KB
[14:50:08.341][info] [#0:script/workspace/loading.lua:112]: ++++As library of:	file:///usr/share/nvim/runtime/lua
[14:50:08.341][info] [#0:script/workspace/loading.lua:100]: Preload file at: file:///usr/share/nvim/runtime/lua/vim/provider/python.lua , size = 4.224 KB
[14:50:08.343][info] [#0:script/workspace/loading.lua:112]: ++++As library of:	file:///usr/share/nvim/runtime/lua
[14:50:08.343][info] [#0:script/workspace/loading.lua:100]: Preload file at: file:///usr/share/nvim/runtime/lua/vim/_meta/vvars.lua , size = 25.272 KB
[14:50:08.352][info] [#0:script/workspace/loading.lua:112]: ++++As library of:	file:///usr/share/nvim/runtime/lua
[14:50:08.352][info] [#0:script/workspace/loading.lua:100]: Preload file at: file:///usr/share/nvim/runtime/lua/vim/provider/ruby.lua , size = 1.563 KB
[14:50:08.353][info] [#0:script/workspace/loading.lua:112]: ++++As library of:	file:///usr/share/nvim/runtime/lua
[14:50:08.353][info] [#0:script/workspace/loading.lua:100]: Preload file at: file:///usr/share/nvim/runtime/lua/vim/F.lua , size = 1.076 KB
[14:50:08.354][info] [#0:script/workspace/loading.lua:112]: ++++As library of:	file:///usr/share/nvim/runtime/lua
[14:50:08.354][info] [#0:script/workspace/loading.lua:100]: Preload file at: file:///usr/share/nvim/runtime/lua/vim/ui/clipboard/osc52.lua , size = 2.137 KB
[14:50:08.356][info] [#0:script/workspace/loading.lua:112]: ++++As library of:	file:///usr/share/nvim/runtime/lua
[14:50:08.356][info] [#0:script/workspace/loading.lua:100]: Preload file at: file:///usr/share/nvim/runtime/lua/vim/_comment.lua , size = 8.743 KB
[14:50:08.361][info] [#0:script/workspace/loading.lua:112]: ++++As library of:	file:///usr/share/nvim/runtime/lua
[14:50:08.361][info] [#0:script/workspace/loading.lua:100]: Preload file at: file:///usr/share/nvim/runtime/lua/vim/_defaults.lua , size = 18.695 KB
[14:50:08.370][info] [#0:script/workspace/loading.lua:112]: ++++As library of:	file:///usr/share/nvim/runtime/lua
[14:50:08.370][info] [#0:script/workspace/loading.lua:100]: Preload file at: file:///usr/share/nvim/runtime/lua/vim/_init_packages.lua , size = 3.023 KB
[14:50:08.372][info] [#0:script/workspace/loading.lua:112]: ++++As library of:	file:///usr/share/nvim/runtime/lua
[14:50:08.372][info] [#0:script/workspace/loading.lua:100]: Preload file at: file:///usr/share/nvim/runtime/lua/vim/_inspector.lua , size = 7.494 KB
[14:50:08.378][info] [#0:script/workspace/loading.lua:112]: ++++As library of:	file:///usr/share/nvim/runtime/lua
[14:50:08.378][info] [#0:script/workspace/loading.lua:100]: Preload file at: file:///usr/share/nvim/runtime/lua/vim/_editor.lua , size = 34.328 KB
[14:50:08.396][info] [#0:script/workspace/loading.lua:112]: ++++As library of:	file:///usr/share/nvim/runtime/lua
[14:50:08.396][info] [#0:script/workspace/loading.lua:100]: Preload file at: file:///usr/share/nvim/runtime/lua/vim/_meta.lua , size = 0.977 KB
[14:50:08.398][info] [#0:script/workspace/loading.lua:112]: ++++As library of:	file:///usr/share/nvim/runtime/lua
[14:50:08.398][info] [#0:script/workspace/loading.lua:100]: Preload file at: file:///usr/share/nvim/runtime/lua/vim/_system.lua , size = 9.135 KB
[14:50:08.405][info] [#0:script/workspace/loading.lua:112]: ++++As library of:	file:///usr/share/nvim/runtime/lua
[14:50:08.405][info] [#0:script/workspace/loading.lua:100]: Preload file at: file:///usr/share/nvim/runtime/lua/vim/_options.lua , size = 25.519 KB
[14:50:08.416][info] [#0:script/workspace/loading.lua:112]: ++++As library of:	file:///usr/share/nvim/runtime/lua
[14:50:08.416][info] [#0:script/workspace/loading.lua:100]: Preload file at: file:///usr/share/nvim/runtime/lua/vim/_watch.lua , size = 8.901 KB
[14:50:08.422][info] [#0:script/workspace/loading.lua:112]: ++++As library of:	file:///usr/share/nvim/runtime/lua
[14:50:08.422][info] [#0:script/workspace/loading.lua:100]: Preload file at: file:///usr/share/nvim/runtime/lua/vim/diagnostic.lua , size = 69.172 KB
[14:50:08.462][info] [#0:script/workspace/loading.lua:112]: ++++As library of:	file:///usr/share/nvim/runtime/lua
[14:50:08.463][info] [#0:script/workspace/loading.lua:100]: Preload file at: file:///usr/share/nvim/runtime/lua/vim/filetype.lua , size = 68.524 KB
[14:50:08.493][info] [#0:script/workspace/loading.lua:112]: ++++As library of:	file:///usr/share/nvim/runtime/lua
[14:50:08.493][info] [#0:script/workspace/loading.lua:100]: Preload file at: file:///usr/share/nvim/runtime/lua/vim/func.lua , size = 1.753 KB
[14:50:08.494][info] [#0:script/workspace/loading.lua:112]: ++++As library of:	file:///usr/share/nvim/runtime/lua
[14:50:08.494][info] [#0:script/workspace/loading.lua:100]: Preload file at: file:///usr/share/nvim/runtime/lua/vim/glob.lua , size = 3.001 KB
[14:50:08.497][info] [#0:script/workspace/loading.lua:112]: ++++As library of:	file:///usr/share/nvim/runtime/lua
[14:50:08.497][info] [#0:script/workspace/loading.lua:100]: Preload file at: file:///usr/share/nvim/runtime/lua/vim/fs.lua , size = 18.719 KB
[14:50:08.568][info] [#0:script/workspace/loading.lua:112]: ++++As library of:	file:///usr/share/nvim/runtime/lua
[14:50:08.568][info] [#0:script/workspace/loading.lua:100]: Preload file at: file:///usr/share/nvim/runtime/lua/vim/highlight.lua , size = 4.526 KB
[14:50:08.571][info] [#0:script/workspace/loading.lua:112]: ++++As library of:	file:///usr/share/nvim/runtime/lua
[14:50:08.571][info] [#0:script/workspace/loading.lua:100]: Preload file at: file:///usr/share/nvim/runtime/lua/vim/health.lua , size = 12.684 KB
[14:50:08.582][info] [#0:script/workspace/loading.lua:112]: ++++As library of:	file:///usr/share/nvim/runtime/lua
[14:50:08.582][info] [#0:script/workspace/loading.lua:100]: Preload file at: file:///usr/share/nvim/runtime/lua/vim/iter.lua , size = 25.504 KB
[14:50:08.599][info] [#0:script/workspace/loading.lua:112]: ++++As library of:	file:///usr/share/nvim/runtime/lua
[14:50:08.599][info] [#0:script/workspace/loading.lua:100]: Preload file at: file:///usr/share/nvim/runtime/lua/vim/inspect.lua , size = 8.864 KB
[14:50:08.605][info] [#0:script/workspace/loading.lua:112]: ++++As library of:	file:///usr/share/nvim/runtime/lua
[14:50:08.605][info] [#0:script/workspace/loading.lua:100]: Preload file at: file:///usr/share/nvim/runtime/lua/vim/keymap.lua , size = 3.682 KB
[14:50:08.607][info] [#0:script/workspace/loading.lua:112]: ++++As library of:	file:///usr/share/nvim/runtime/lua
[14:50:08.607][info] [#0:script/workspace/loading.lua:100]: Preload file at: file:///usr/share/nvim/runtime/lua/vim/lsp.lua , size = 40.430 KB
[14:50:08.627][info] [#0:script/workspace/loading.lua:112]: ++++As library of:	file:///usr/share/nvim/runtime/lua
[14:50:08.627][info] [#0:script/workspace/loading.lua:100]: Preload file at: file:///usr/share/nvim/runtime/lua/vim/provider.lua , size = 0.197 KB
[14:50:08.628][info] [#0:script/workspace/loading.lua:112]: ++++As library of:	file:///usr/share/nvim/runtime/lua
[14:50:08.628][info] [#0:script/workspace/loading.lua:100]: Preload file at: file:///usr/share/nvim/runtime/lua/vim/loader.lua , size = 15.741 KB
[14:50:08.638][info] [#0:script/workspace/loading.lua:112]: ++++As library of:	file:///usr/share/nvim/runtime/lua
[14:50:08.638][info] [#0:script/workspace/loading.lua:100]: Preload file at: file:///usr/share/nvim/runtime/lua/vim/re.lua , size = 6.495 KB
[14:50:08.643][info] [#0:script/workspace/loading.lua:112]: ++++As library of:	file:///usr/share/nvim/runtime/lua
[14:50:08.643][info] [#0:script/workspace/loading.lua:100]: Preload file at: file:///usr/share/nvim/runtime/lua/vim/secure.lua , size = 5.018 KB
[14:50:08.647][info] [#0:script/workspace/loading.lua:112]: ++++As library of:	file:///usr/share/nvim/runtime/lua
[14:50:08.647][info] [#0:script/workspace/loading.lua:100]: Preload file at: file:///usr/share/nvim/runtime/lua/vim/shared.lua , size = 29.331 KB
[14:50:08.665][info] [#0:script/workspace/loading.lua:112]: ++++As library of:	file:///usr/share/nvim/runtime/lua
[14:50:08.665][info] [#0:script/workspace/loading.lua:100]: Preload file at: file:///usr/share/nvim/runtime/lua/vim/snippet.lua , size = 20.081 KB
[14:50:08.680][info] [#0:script/workspace/loading.lua:112]: ++++As library of:	file:///usr/share/nvim/runtime/lua
[14:50:08.680][info] [#0:script/workspace/loading.lua:100]: Preload file at: file:///usr/share/nvim/runtime/lua/vim/termcap.lua , size = 3.103 KB
[14:50:08.682][info] [#0:script/workspace/loading.lua:112]: ++++As library of:	file:///usr/share/nvim/runtime/lua
[14:50:08.682][info] [#0:script/workspace/loading.lua:100]: Preload file at: file:///usr/share/nvim/runtime/lua/vim/text.lua , size = 0.812 KB
[14:50:08.683][info] [#0:script/workspace/loading.lua:112]: ++++As library of:	file:///usr/share/nvim/runtime/lua
[14:50:08.683][info] [#0:script/workspace/loading.lua:100]: Preload file at: file:///usr/share/nvim/runtime/lua/vim/ui.lua , size = 5.396 KB
[14:50:08.686][info] [#0:script/workspace/loading.lua:112]: ++++As library of:	file:///usr/share/nvim/runtime/lua
[14:50:08.686][info] [#0:script/workspace/loading.lua:100]: Preload file at: file:///usr/share/nvim/runtime/lua/vim/treesitter.lua , size = 14.036 KB
[14:50:08.694][info] [#0:script/workspace/loading.lua:112]: ++++As library of:	file:///usr/share/nvim/runtime/lua
[14:50:08.694][info] [#0:script/workspace/loading.lua:100]: Preload file at: file:///usr/share/nvim/runtime/lua/vim/uri.lua , size = 3.569 KB
[14:50:08.696][info] [#0:script/workspace/loading.lua:112]: ++++As library of:	file:///usr/share/nvim/runtime/lua
[14:50:08.696][info] [#0:script/workspace/loading.lua:100]: Preload file at: file:///usr/share/nvim/runtime/lua/vim/vimhelp.lua , size = 0.967 KB
[14:50:08.697][info] [#0:script/workspace/loading.lua:112]: ++++As library of:	file:///usr/share/nvim/runtime/lua
[14:50:08.697][info] [#0:script/workspace/loading.lua:100]: Preload file at: file:///usr/share/nvim/runtime/lua/vim/version.lua , size = 13.605 KB
[14:50:08.705][info] [#0:script/workspace/loading.lua:112]: ++++As library of:	file:///usr/share/nvim/runtime/lua
[14:50:08.705][info] [#0:script/workspace/loading.lua:100]: Preload file at: file:///usr/share/nvim/runtime/lua/provider/clipboard/health.lua , size = 1.151 KB
[14:50:08.706][info] [#0:script/workspace/loading.lua:112]: ++++As library of:	file:///usr/share/nvim/runtime/lua
[14:50:08.706][info] [#0:script/workspace/loading.lua:100]: Preload file at: file:///usr/share/nvim/runtime/lua/provider/node/health.lua , size = 3.375 KB
[14:50:08.708][info] [#0:script/workspace/loading.lua:112]: ++++As library of:	file:///usr/share/nvim/runtime/lua
[14:50:08.708][info] [#0:script/workspace/loading.lua:100]: Preload file at: file:///usr/share/nvim/runtime/lua/provider/perl/health.lua , size = 2.752 KB
[14:50:08.710][info] [#0:script/workspace/loading.lua:112]: ++++As library of:	file:///usr/share/nvim/runtime/lua
[14:50:08.710][info] [#0:script/workspace/loading.lua:100]: Preload file at: file:///usr/share/nvim/runtime/lua/provider/ruby/health.lua , size = 2.211 KB
[14:50:08.711][info] [#0:script/workspace/loading.lua:112]: ++++As library of:	file:///usr/share/nvim/runtime/lua
[14:50:08.711][info] [#0:script/workspace/loading.lua:100]: Preload file at: file:///usr/share/nvim/runtime/lua/_vim9script.lua , size = 15.418 KB
[14:50:08.723][info] [#0:script/workspace/loading.lua:112]: ++++As library of:	file:///usr/share/nvim/runtime/lua
[14:50:08.723][info] [#0:script/workspace/loading.lua:100]: Preload file at: file:///usr/share/nvim/runtime/lua/coxpcall.lua , size = 3.451 KB
[14:50:08.725][info] [#0:script/workspace/loading.lua:112]: ++++As library of:	file:///usr/share/nvim/runtime/lua
[14:50:08.725][info] [#0:script/workspace/loading.lua:100]: Preload file at: file:///usr/share/nvim/runtime/lua/editorconfig.lua , size = 10.443 KB
[14:50:08.731][info] [#0:script/workspace/loading.lua:112]: ++++As library of:	file:///usr/share/nvim/runtime/lua
[14:50:08.731][info] [#0:script/workspace/loading.lua:100]: Preload file at: file:///usr/share/nvim/runtime/lua/provider/python/health.lua , size = 16.369 KB
[14:50:08.740][info] [#0:script/workspace/loading.lua:112]: ++++As library of:	file:///usr/share/nvim/runtime/lua
[14:50:08.740][info] [#0:script/workspace/loading.lua:100]: Preload file at: file:///usr/share/nvim/runtime/lua/man.lua , size = 23.687 KB
[14:50:08.754][info] [#0:script/workspace/loading.lua:112]: ++++As library of:	file:///usr/share/nvim/runtime/lua
[14:50:08.754][info] [#0:script/workspace/loading.lua:100]: Preload file at: file:///home/james/.local/share/QuartoNvim/mason/packages/lua-language-server/libexec/meta/LuaJIT%20en-us%20utf8/jit.lua , size = 0.884 KB
[14:50:08.756][info] [#0:script/workspace/loading.lua:112]: ++++As library of:	file:///home/james/.local/share/QuartoNvim/mason/packages/lua-language-server/libexec/meta/LuaJIT%20en-us%20utf8/jit.lua
[14:50:08.756][info] [#0:script/workspace/loading.lua:100]: Preload file at: file:///home/james/.local/share/QuartoNvim/mason/packages/lua-language-server/libexec/meta/LuaJIT%20en-us%20utf8/package.lua , size = 2.699 KB
[14:50:08.757][info] [#0:script/workspace/loading.lua:112]: ++++As library of:	file:///home/james/.local/share/QuartoNvim/mason/packages/lua-language-server/libexec/meta/LuaJIT%20en-us%20utf8/package.lua
[14:50:08.758][info] [#0:script/workspace/loading.lua:100]: Preload file at: file:///home/james/.local/share/QuartoNvim/mason/packages/lua-language-server/libexec/meta/LuaJIT%20en-us%20utf8/debug.lua , size = 7.310 KB
[14:50:08.762][info] [#0:script/workspace/loading.lua:112]: ++++As library of:	file:///home/james/.local/share/QuartoNvim/mason/packages/lua-language-server/libexec/meta/LuaJIT%20en-us%20utf8/debug.lua
[14:50:08.762][info] [#0:script/workspace/loading.lua:100]: Preload file at: file:///home/james/.local/share/QuartoNvim/mason/packages/lua-language-server/libexec/meta/LuaJIT%20en-us%20utf8/table.lua , size = 4.235 KB
[14:50:08.765][info] [#0:script/workspace/loading.lua:112]: ++++As library of:	file:///home/james/.local/share/QuartoNvim/mason/packages/lua-language-server/libexec/meta/LuaJIT%20en-us%20utf8/table.lua
[14:50:08.765][info] [#0:script/workspace/loading.lua:100]: Preload file at: file:///home/james/.local/share/QuartoNvim/mason/packages/lua-language-server/libexec/meta/LuaJIT%20en-us%20utf8/basic.lua , size = 15.233 KB
[14:50:08.773][info] [#0:script/workspace/loading.lua:112]: ++++As library of:	file:///home/james/.local/share/QuartoNvim/mason/packages/lua-language-server/libexec/meta/LuaJIT%20en-us%20utf8/basic.lua
[14:50:08.773][info] [#0:script/workspace/loading.lua:100]: Preload file at: file:///home/james/.local/share/QuartoNvim/mason/packages/lua-language-server/libexec/meta/LuaJIT%20en-us%20utf8/io.lua , size = 6.364 KB
[14:50:08.777][info] [#0:script/workspace/loading.lua:112]: ++++As library of:	file:///home/james/.local/share/QuartoNvim/mason/packages/lua-language-server/libexec/meta/LuaJIT%20en-us%20utf8/io.lua
[14:50:08.777][info] [#0:script/workspace/loading.lua:100]: Preload file at: file:///home/james/.local/share/QuartoNvim/mason/packages/lua-language-server/libexec/meta/LuaJIT%20en-us%20utf8/string/buffer.lua , size = 18.123 KB
[14:50:08.781][info] [#0:script/workspace/loading.lua:112]: ++++As library of:	file:///home/james/.local/share/QuartoNvim/mason/packages/lua-language-server/libexec/meta/LuaJIT%20en-us%20utf8/string/buffer.lua
[14:50:08.781][info] [#0:script/workspace/loading.lua:100]: Preload file at: file:///usr/share/nvim/runtime/lua/tohtml.lua , size = 42.432 KB
[14:50:08.814][info] [#0:script/workspace/loading.lua:112]: ++++As library of:	file:///usr/share/nvim/runtime/lua
[14:50:08.814][info] [#0:script/workspace/loading.lua:100]: Preload file at: file:///home/james/.local/share/QuartoNvim/mason/packages/lua-language-server/libexec/meta/LuaJIT%20en-us%20utf8/string.lua , size = 6.310 KB
[14:50:08.819][info] [#0:script/workspace/loading.lua:112]: ++++As library of:	file:///home/james/.local/share/QuartoNvim/mason/packages/lua-language-server/libexec/meta/LuaJIT%20en-us%20utf8/string.lua
[14:50:08.819][info] [#0:script/workspace/loading.lua:100]: Preload file at: file:///home/james/.local/share/QuartoNvim/mason/packages/lua-language-server/libexec/meta/LuaJIT%20en-us%20utf8/builtin.lua , size = 0.302 KB
[14:50:08.820][info] [#0:script/workspace/loading.lua:112]: ++++As library of:	file:///home/james/.local/share/QuartoNvim/mason/packages/lua-language-server/libexec/meta/LuaJIT%20en-us%20utf8/builtin.lua
[14:50:08.820][info] [#0:script/workspace/loading.lua:100]: Preload file at: file:///home/james/.local/share/QuartoNvim/mason/packages/lua-language-server/libexec/meta/LuaJIT%20en-us%20utf8/table/new.lua , size = 0.642 KB
[14:50:08.820][info] [#0:script/workspace/loading.lua:112]: ++++As library of:	file:///home/james/.local/share/QuartoNvim/mason/packages/lua-language-server/libexec/meta/LuaJIT%20en-us%20utf8/table/new.lua
[14:50:08.820][info] [#0:script/workspace/loading.lua:100]: Preload file at: file:///home/james/.local/share/QuartoNvim/mason/packages/lua-language-server/libexec/meta/LuaJIT%20en-us%20utf8/coroutine.lua , size = 2.541 KB
[14:50:08.822][info] [#0:script/workspace/loading.lua:112]: ++++As library of:	file:///home/james/.local/share/QuartoNvim/mason/packages/lua-language-server/libexec/meta/LuaJIT%20en-us%20utf8/coroutine.lua
[14:50:08.822][info] [#0:script/workspace/loading.lua:100]: Preload file at: file:///home/james/.local/share/QuartoNvim/mason/packages/lua-language-server/libexec/meta/LuaJIT%20en-us%20utf8/table/clear.lua , size = 0.797 KB
[14:50:08.823][info] [#0:script/workspace/loading.lua:112]: ++++As library of:	file:///home/james/.local/share/QuartoNvim/mason/packages/lua-language-server/libexec/meta/LuaJIT%20en-us%20utf8/table/clear.lua
[14:50:08.823][info] [#0:script/workspace/loading.lua:100]: Preload file at: file:///home/james/.local/share/QuartoNvim/mason/packages/lua-language-server/libexec/meta/LuaJIT%20en-us%20utf8/math.lua , size = 7.949 KB
[14:50:08.828][info] [#0:script/workspace/loading.lua:112]: ++++As library of:	file:///home/james/.local/share/QuartoNvim/mason/packages/lua-language-server/libexec/meta/LuaJIT%20en-us%20utf8/math.lua
[14:50:08.828][info] [#0:script/workspace/loading.lua:100]: Preload file at: file:///home/james/.local/share/QuartoNvim/mason/packages/lua-language-server/libexec/meta/LuaJIT%20en-us%20utf8/os.lua , size = 5.600 KB
[14:50:08.832][info] [#0:script/workspace/loading.lua:112]: ++++As library of:	file:///home/james/.local/share/QuartoNvim/mason/packages/lua-language-server/libexec/meta/LuaJIT%20en-us%20utf8/os.lua
[14:50:08.832][info] [#0:script/workspace/loading.lua:100]: Preload file at: file:///home/james/.local/share/QuartoNvim/mason/packages/lua-language-server/libexec/meta/LuaJIT%20en-us%20utf8/bit.lua , size = 1.319 KB
[14:50:08.834][info] [#0:script/workspace/loading.lua:112]: ++++As library of:	file:///home/james/.local/share/QuartoNvim/mason/packages/lua-language-server/libexec/meta/LuaJIT%20en-us%20utf8/bit.lua
[14:50:08.834][info] [#0:script/workspace/loading.lua:100]: Preload file at: file:///home/james/.local/share/QuartoNvim/mason/packages/lua-language-server/libexec/meta/LuaJIT%20en-us%20utf8/jit/util.lua , size = 1.984 KB
[14:50:08.836][info] [#0:script/workspace/loading.lua:112]: ++++As library of:	file:///home/james/.local/share/QuartoNvim/mason/packages/lua-language-server/libexec/meta/LuaJIT%20en-us%20utf8/jit/util.lua
[14:50:08.836][info] [#0:script/workspace/loading.lua:100]: Preload file at: file:///home/james/.local/share/QuartoNvim/mason/packages/lua-language-server/libexec/meta/LuaJIT%20en-us%20utf8/ffi.lua , size = 2.529 KB
[14:50:08.840][info] [#0:script/workspace/loading.lua:112]: ++++As library of:	file:///home/james/.local/share/QuartoNvim/mason/packages/lua-language-server/libexec/meta/LuaJIT%20en-us%20utf8/ffi.lua
[14:50:08.840][info] [#0:script/workspace/loading.lua:100]: Preload file at: file:///home/james/.config/QuartoNvim/lua/config/autocommands.lua , size = 1.005 KB
[14:50:08.841][info] [#0:script/workspace/loading.lua:112]: ++++As library of:	file:///home/james/.config/QuartoNvim/lua
[14:50:08.841][info] [#0:script/workspace/loading.lua:100]: Preload file at: file:///home/james/.config/QuartoNvim/lua/config/global.lua , size = 2.836 KB
[14:50:08.843][info] [#0:script/workspace/loading.lua:112]: ++++As library of:	file:///home/james/.config/QuartoNvim/lua
[14:50:08.843][info] [#0:script/workspace/loading.lua:100]: Preload file at: file:///home/james/.config/QuartoNvim/lua/config/lazy.lua , size = 0.854 KB
[14:50:08.843][info] [#0:script/workspace/loading.lua:112]: ++++As library of:	file:///home/james/.config/QuartoNvim/lua
[14:50:08.843][info] [#0:script/workspace/loading.lua:100]: Preload file at: file:///home/james/.config/QuartoNvim/lua/config/redir.lua , size = 4.269 KB
[14:50:08.847][info] [#0:script/workspace/loading.lua:112]: ++++As library of:	file:///home/james/.config/QuartoNvim/lua
[14:50:08.847][info] [#0:script/workspace/loading.lua:100]: Preload file at: file:///home/james/.config/QuartoNvim/lua/config/keymap.lua , size = 14.363 KB
[14:50:08.854][info] [#0:script/workspace/loading.lua:112]: ++++As library of:	file:///home/james/.config/QuartoNvim/lua
[14:50:08.854][info] [#0:script/workspace/loading.lua:100]: Preload file at: file:///home/james/.config/QuartoNvim/lua/config/wip/r-column-names.lua , size = 2.579 KB
[14:50:08.857][info] [#0:script/workspace/loading.lua:112]: ++++As library of:	file:///home/james/.config/QuartoNvim/lua
[14:50:08.857][info] [#0:script/workspace/loading.lua:100]: Preload file at: file:///home/james/.config/QuartoNvim/lua/config/wip/r-targets-refactor.lua , size = 2.392 KB
[14:50:08.859][info] [#0:script/workspace/loading.lua:112]: ++++As library of:	file:///home/james/.config/QuartoNvim/lua
[14:50:08.859][info] [#0:script/workspace/loading.lua:100]: Preload file at: file:///home/james/.config/QuartoNvim/lua/kickstart/health.lua , size = 3.988 KB
[14:50:08.861][info] [#0:script/workspace/loading.lua:112]: ++++As library of:	file:///home/james/.config/QuartoNvim/lua
[14:50:08.862][info] [#0:script/workspace/loading.lua:100]: Preload file at: file:///home/james/.config/QuartoNvim/lua/misc/handlers.lua , size = 6.062 KB
[14:50:08.865][info] [#0:script/workspace/loading.lua:112]: ++++As library of:	file:///home/james/.config/QuartoNvim/lua
[14:50:08.870][info] [#0:script/workspace/loading.lua:100]: Preload file at: file:///home/james/.config/QuartoNvim/lua/misc/style.lua , size = 0.395 KB
[14:50:08.870][info] [#0:script/workspace/loading.lua:112]: ++++As library of:	file:///home/james/.config/QuartoNvim/lua
[14:50:08.871][info] [#0:script/workspace/loading.lua:100]: Preload file at: file:///home/james/.config/QuartoNvim/lua/plugins/colorthemes.lua , size = 3.117 KB
[14:50:08.872][info] [#0:script/workspace/loading.lua:112]: ++++As library of:	file:///home/james/.config/QuartoNvim/lua
[14:50:08.872][info] [#0:script/workspace/loading.lua:100]: Preload file at: file:///home/james/.config/QuartoNvim/lua/plugins/common.lua , size = 0.065 KB
[14:50:08.872][info] [#0:script/workspace/loading.lua:112]: ++++As library of:	file:///home/james/.config/QuartoNvim/lua
[14:50:08.873][info] [#0:script/workspace/loading.lua:100]: Preload file at: file:///home/james/.config/QuartoNvim/lua/plugins/completion.lua , size = 5.213 KB
[14:50:08.875][info] [#0:script/workspace/loading.lua:112]: ++++As library of:	file:///home/james/.config/QuartoNvim/lua
[14:50:08.875][info] [#0:script/workspace/loading.lua:100]: Preload file at: file:///home/james/.config/QuartoNvim/lua/plugins/debugging.lua , size = 2.974 KB
[14:50:08.877][info] [#0:script/workspace/loading.lua:112]: ++++As library of:	file:///home/james/.config/QuartoNvim/lua
[14:50:08.877][info] [#0:script/workspace/loading.lua:100]: Preload file at: file:///home/james/.config/QuartoNvim/lua/plugins/dev.lua , size = 0.962 KB
[14:50:08.878][info] [#0:script/workspace/loading.lua:112]: ++++As library of:	file:///home/james/.config/QuartoNvim/lua
[14:50:08.878][info] [#0:script/workspace/loading.lua:100]: Preload file at: file:///home/james/.config/QuartoNvim/lua/plugins/editing.lua , size = 3.566 KB
[14:50:08.879][info] [#0:script/workspace/loading.lua:112]: ++++As library of:	file:///home/james/.config/QuartoNvim/lua
[14:50:08.880][info] [#0:script/workspace/loading.lua:100]: Preload file at: file:///home/james/.config/QuartoNvim/lua/plugins/git.lua , size = 1.609 KB
[14:50:08.880][info] [#0:script/workspace/loading.lua:112]: ++++As library of:	file:///home/james/.config/QuartoNvim/lua
[14:50:08.881][info] [#0:script/workspace/loading.lua:100]: Preload file at: file:///home/james/.config/QuartoNvim/lua/plugins/lsp.lua , size = 9.613 KB
[14:50:08.885][info] [#0:script/workspace/loading.lua:112]: ++++As library of:	file:///home/james/.config/QuartoNvim/lua
[14:50:08.885][info] [#0:script/workspace/loading.lua:100]: Preload file at: file:///home/james/.config/QuartoNvim/lua/plugins/notes.lua , size = 3.465 KB
[14:50:08.887][info] [#0:script/workspace/loading.lua:112]: ++++As library of:	file:///home/james/.config/QuartoNvim/lua
[14:50:08.887][info] [#0:script/workspace/loading.lua:100]: Preload file at: file:///home/james/.config/QuartoNvim/lua/plugins/quarto.lua , size = 4.020 KB
[14:50:08.888][info] [#0:script/workspace/loading.lua:112]: ++++As library of:	file:///home/james/.config/QuartoNvim/lua
[14:50:08.888][info] [#0:script/workspace/loading.lua:100]: Preload file at: file:///home/james/.config/QuartoNvim/lua/plugins/treesitter.lua , size = 2.264 KB
[14:50:08.889][info] [#0:script/workspace/loading.lua:112]: ++++As library of:	file:///home/james/.config/QuartoNvim/lua
[14:50:08.890][info] [#0:script/workspace/loading.lua:100]: Preload file at: file:///home/james/.config/QuartoNvim/lua/plugins/ui.lua , size = 12.470 KB
[14:50:08.894][info] [#0:script/workspace/loading.lua:112]: ++++As library of:	file:///home/james/.config/QuartoNvim/lua
[14:50:08.894][info] [#0:script/workspace/loading.lua:100]: Preload file at: file:///home/james/.config/QuartoNvim/lua/plugins/welcome-screen.lua , size = 1.257 KB
[14:50:08.895][info] [#0:script/workspace/loading.lua:112]: ++++As library of:	file:///home/james/.config/QuartoNvim/lua
[14:50:08.896][info] [#0:script/workspace/loading.lua:100]: Preload file at: file:///home/james/.config/QuartoNvim/lua/plugins/workspaces.lua , size = 1.340 KB
[14:50:08.896][info] [#0:script/workspace/loading.lua:112]: ++++As library of:	file:///home/james/.config/QuartoNvim/lua
[14:50:08.896][info] [#0:script/workspace/loading.lua:100]: Preload file at: file:///home/james/.config/QuartoNvim/ftplugin/bash.lua , size = 0.040 KB
[14:50:08.897][info] [#0:script/workspace/loading.lua:100]: Preload file at: file:///home/james/.config/QuartoNvim/ftplugin/haskell.lua , size = 0.034 KB
[14:50:08.897][info] [#0:script/workspace/loading.lua:100]: Preload file at: file:///home/james/.config/QuartoNvim/ftplugin/markdown.lua , size = 0.190 KB
[14:50:08.898][info] [#0:script/workspace/loading.lua:100]: Preload file at: file:///home/james/.config/QuartoNvim/ftplugin/neotest-output.lua , size = 0.068 KB
[14:50:08.898][info] [#0:script/workspace/loading.lua:100]: Preload file at: file:///home/james/.config/QuartoNvim/ftplugin/python.lua , size = 0.040 KB
[14:50:08.898][info] [#0:script/workspace/loading.lua:100]: Preload file at: file:///home/james/.config/QuartoNvim/ftplugin/quarto.lua , size = 2.201 KB
[14:50:08.900][info] [#0:script/workspace/loading.lua:100]: Preload file at: file:///home/james/.config/QuartoNvim/ftplugin/r.lua , size = 0.040 KB
[14:50:08.900][info] [#0:script/workspace/loading.lua:100]: Preload file at: file:///home/james/.config/QuartoNvim/ftplugin/sh.lua , size = 0.040 KB
[14:50:08.901][info] [#0:script/workspace/loading.lua:88]: Skip loaded file: file:///home/james/.config/QuartoNvim/init.lua
[14:50:08.901][info] [#0:script/workspace/loading.lua:172]: Loaded files takes [1.386] sec: file:///home/james/.config/QuartoNvim
[14:50:08.901][info] [#0:script/workspace/loading.lua:181]: Compile files takes [0.000] sec: file:///home/james/.config/QuartoNvim
[14:50:08.901][info] [#0:script/workspace/loading.lua:182]: Loaded finish:	file:///home/james/.config/QuartoNvim
[14:50:08.901][info] [#0:script/workspace/workspace.lua:381]: Preload finish at:	file:///home/james/.config/QuartoNvim
[14:50:08.918][info] [#0:script/provider/diagnostic.lua:560]: Diagnostics scope [file:///home/james/.config/QuartoNvim], files count:[151]
[14:50:08.929][warn] [#0:script/proto/proto.lua:189]: Method [textDocument/didOpen] takes [1.512]sec. {
  jsonrpc = "2.0",
  method = "textDocument/didOpen",
  params = {
    textDocument = {
      languageId = "lua",
      text = '"***"',
      uri = "file:///home/james/.config/QuartoNvim/init.lua",
      version = 0
    }
  }
}
[14:50:08.930][warn] [#0:script/proto/proto.lua:189]: Method [textDocument/documentSymbol] takes [1.513]sec. {
  id = 2,
  jsonrpc = "2.0",
  method = "textDocument/documentSymbol",
  params = {
    textDocument = {
      uri = "file:///home/james/.config/QuartoNvim/init.lua"
    }
  }
}
[14:50:08.930][warn] [#0:script/proto/proto.lua:189]: Method [textDocument/semanticTokens/full] takes [1.461]sec. {
  id = 14,
  jsonrpc = "2.0",
  method = "textDocument/semanticTokens/full",
  params = {
    textDocument = {
      uri = "file:///home/james/.config/QuartoNvim/init.lua"
    }
  }
}
[14:50:09.060][info] [#0:script/provider/diagnostic.lua:577]: Diagnostics scope [file:///home/james/.config/QuartoNvim] finished, takes [0.089] sec.
[14:50:18.697][warn] [#0:script/pub/report.lua:24]: Load proto error:	Disconnected!
