[13:40:40.815][info] [#0:/home/james/.local/share/LazyVim/mason/packages/lua-language-server/libexec/main.lua:68]: Lua Lsp startup, root: 	/home/james/.local/share/LazyVim/mason/packages/lua-language-server/libexec
[13:40:40.815][info] [#0:/home/james/.local/share/LazyVim/mason/packages/lua-language-server/libexec/main.lua:69]: ROOT:	/home/james/.local/share/LazyVim/mason/packages/lua-language-server/libexec
[13:40:40.815][info] [#0:/home/james/.local/share/LazyVim/mason/packages/lua-language-server/libexec/main.lua:70]: LOGPATH:	/home/james/.local/share/LazyVim/mason/packages/lua-language-server/libexec/log
[13:40:40.815][info] [#0:/home/james/.local/share/LazyVim/mason/packages/lua-language-server/libexec/main.lua:71]: METAPATH:	/home/james/.local/share/LazyVim/mason/packages/lua-language-server/libexec/meta
[13:40:40.816][info] [#0:/home/james/.local/share/LazyVim/mason/packages/lua-language-server/libexec/main.lua:72]: VERSION:	3.11.0-dev
[13:40:40.841][info] [#0:script/proto/proto.lua:260]: Listen Mode: stdio
[13:40:40.841][info] [#0:script/service/service.lua:145]: 
========= Medical Examination Report =========
    --------------- Memory ---------------
        Total: 2.246 MB
        # 00 : 2.246 MB
        # 01 : 0.000 MB
        # 02 : 0.000 MB
        # 03 : 0.000 MB
        # 04 : 0.000 MB
    --------------- Coroutine ---------------
        Total:     0
        Running:   0
        Suspended: 0
        Normal:    0
        Dead:      0
    --------------- Cache ---------------
        Total: 1
        Dead:  0
    ---------------  RPC  ---------------
        Holdon:   0
        Waiting:  0
==============================================
[13:40:40.947][info] [#0:script/client.lua:657]: Client init	{
  capabilities = {
    general = {
      positionEncodings = { "utf-16" }
    },
    textDocument = {
      callHierarchy = {
        dynamicRegistration = false
      },
      codeAction = {
        codeActionLiteralSupport = {
          codeActionKind = {
            valueSet = { "", "quickfix", "refactor", "refactor.extract", "refactor.inline", "refactor.rewrite", "source", "source.organizeImports" }
          }
        },
        dataSupport = true,
        dynamicRegistration = true,
        isPreferredSupport = true,
        resolveSupport = {
          properties = { "edit" }
        }
      },
      completion = {
        completionItem = {
          commitCharactersSupport = true,
          deprecatedSupport = true,
          documentationFormat = { "markdown", "plaintext" },
          insertReplaceSupport = true,
          insertTextModeSupport = {
            valueSet = { 1, 2 }
          },
          labelDetailsSupport = true,
          preselectSupport = true,
          resolveSupport = {
            properties = { "documentation", "detail", "additionalTextEdits", "sortText", "filterText", "insertText", "textEdit", "insertTextFormat", "insertTextMode" }
          },
          snippetSupport = true,
          tagSupport = {
            valueSet = { 1 }
          }
        },
        completionItemKind = {
          valueSet = { 1, 2, 3, 4, 5, 6, 7, 8, 9, 10, 11, 12, 13, 14, 15, 16, 17, 18, 19, 20, 21, 22, 23, 24, 25 }
        },
        completionList = {
          itemDefaults = { "commitCharacters", "editRange", "insertTextFormat", "insertTextMode", "data" }
        },
        contextSupport = true,
        dynamicRegistration = false,
        insertTextMode = 1
      },
      declaration = {
        linkSupport = true
      },
      definition = {
        dynamicRegistration = true,
        linkSupport = true
      },
      diagnostic = {
        dynamicRegistration = false
      },
      documentHighlight = {
        dynamicRegistration = false
      },
      documentSymbol = {
        dynamicRegistration = false,
        hierarchicalDocumentSymbolSupport = true,
        symbolKind = {
          valueSet = { 1, 2, 3, 4, 5, 6, 7, 8, 9, 10, 11, 12, 13, 14, 15, 16, 17, 18, 19, 20, 21, 22, 23, 24, 25, 26 }
        }
      },
      formatting = {
        dynamicRegistration = true
      },
      hover = {
        contentFormat = { "markdown", "plaintext" },
        dynamicRegistration = true
      },
      implementation = {
        linkSupport = true
      },
      inlayHint = {
        dynamicRegistration = true,
        resolveSupport = {
          properties = { "textEdits", "tooltip", "location", "command" }
        }
      },
      publishDiagnostics = {
        dataSupport = true,
        relatedInformation = true,
        tagSupport = {
          valueSet = { 1, 2 }
        }
      },
      rangeFormatting = {
        dynamicRegistration = true
      },
      references = {
        dynamicRegistration = false
      },
      rename = {
        dynamicRegistration = true,
        prepareSupport = true
      },
      semanticTokens = {
        augmentsSyntaxTokens = true,
        dynamicRegistration = false,
        formats = { "relative" },
        multilineTokenSupport = false,
        overlappingTokenSupport = true,
        requests = {
          full = {
            delta = true
          },
          range = false
        },
        serverCancelSupport = false,
        tokenModifiers = { "declaration", "definition", "readonly", "static", "deprecated", "abstract", "async", "modification", "documentation", "defaultLibrary" },
        tokenTypes = { "namespace", "type", "class", "enum", "interface", "struct", "typeParameter", "parameter", "variable", "property", "enumMember", "event", "function", "method", "macro", "keyword", "modifier", "comment", "string", "number", "regexp", "operator", "decorator" }
      },
      signatureHelp = {
        dynamicRegistration = false,
        signatureInformation = {
          activeParameterSupport = true,
          documentationFormat = { "markdown", "plaintext" },
          parameterInformation = {
            labelOffsetSupport = true
          }
        }
      },
      synchronization = {
        didSave = true,
        dynamicRegistration = false,
        willSave = true,
        willSaveWaitUntil = true
      },
      typeDefinition = {
        linkSupport = true
      }
    },
    window = {
      showDocument = {
        support = true
      },
      showMessage = {
        messageActionItem = {
          additionalPropertiesSupport = false
        }
      },
      workDoneProgress = true
    },
    workspace = {
      applyEdit = true,
      configuration = true,
      didChangeConfiguration = {
        dynamicRegistration = false
      },
      didChangeWatchedFiles = {
        dynamicRegistration = false,
        relativePatternSupport = true
      },
      fileOperations = {
        didRename = true,
        willRename = true
      },
      inlayHint = {
        refreshSupport = true
      },
      semanticTokens = {
        refreshSupport = true
      },
      symbol = {
        dynamicRegistration = false,
        symbolKind = {
          valueSet = { 1, 2, 3, 4, 5, 6, 7, 8, 9, 10, 11, 12, 13, 14, 15, 16, 17, 18, 19, 20, 21, 22, 23, 24, 25, 26 }
        }
      },
      workspaceEdit = {
        resourceOperations = { "rename", "create", "delete" }
      },
      workspaceFolders = true
    }
  },
  clientInfo = {
    name = "Neovim",
    version = "0.10.2+v0.10.2"
  },
  initializationOptions = {},
  processId = 26226,
  rootPath = "/home/james/.config/LazyVim",
  rootUri = "file:///home/james/.config/LazyVim",
  trace = "off",
  workDoneToken = "1",
  workspaceFolders = { {
      name = "/home/james/.config/LazyVim",
      uri = "file:///home/james/.config/LazyVim"
    } }
}
[13:40:40.948][info] [#0:script/language.lua:137]: VSC language: nil
[13:40:40.948][info] [#0:script/language.lua:138]: LS  language: en-us
[13:40:40.948][info] [#0:script/workspace/workspace.lua:38]: Workspace init root: 	file:///home/james/.config/LazyVim
[13:40:40.948][info] [#0:script/workspace/workspace.lua:42]: Log path: 	/home/james/.local/share/LazyVim/mason/packages/lua-language-server/libexec/log/file_home_james_.config_LazyVim.log
[13:40:40.949][info] [#0:script/workspace/workspace.lua:48]: Workspace create: 	file:///home/james/.config/LazyVim
[13:40:41.258][info] [#0:script/provider/provider.lua:48]: Load config from client	file:///home/james/.config/LazyVim
[13:40:41.259][info] [#0:script/provider/provider.lua:49]: {
  Lua = {
    codeLens = {
      enable = true
    },
    completion = {
      callSnippet = "Replace"
    },
    doc = {
      privateName = { "^_" }
    },
    hint = {
      arrayIndex = "Disable",
      enable = true,
      paramName = "Disable",
      paramType = true,
      semicolon = "Disable",
      setType = false
    },
    runtime = {
      path = { "?.lua", "?/init.lua" },
      pathStrict = true,
      version = "LuaJIT"
    },
    workspace = {
      checkThirdParty = false,
      ignoreDir = { "/lua" },
      library = { "/usr/share/nvim/runtime/lua", "/home/james/.config/LazyVim/lua", "/home/james/.local/share/LazyVim/lazy/nvim-surround/lua" }
    }
  }
}
[13:40:41.259][info] [#0:script/provider/provider.lua:48]: Load config from client	file:///home/james/.config/LazyVim
[13:40:41.260][info] [#0:script/provider/provider.lua:49]: {
  Lua = {
    codeLens = {
      enable = true
    },
    completion = {
      callSnippet = "Replace"
    },
    doc = {
      privateName = { "^_" }
    },
    hint = {
      arrayIndex = "Disable",
      enable = true,
      paramName = "Disable",
      paramType = true,
      semicolon = "Disable",
      setType = false
    },
    runtime = {
      path = { "?.lua", "?/init.lua" },
      pathStrict = true,
      version = "LuaJIT"
    },
    workspace = {
      checkThirdParty = false,
      ignoreDir = { "/lua" },
      library = { "/usr/share/nvim/runtime/lua", "/home/james/.config/LazyVim/lua", "/home/james/.local/share/LazyVim/lazy/nvim-surround/lua" }
    }
  }
}
[13:40:41.260][info] [#0:script/provider/provider.lua:48]: Load config from client	file:///home/james/.config/LazyVim
[13:40:41.261][info] [#0:script/provider/provider.lua:49]: {
  Lua = {
    codeLens = {
      enable = true
    },
    completion = {
      callSnippet = "Replace"
    },
    doc = {
      privateName = { "^_" }
    },
    hint = {
      arrayIndex = "Disable",
      enable = true,
      paramName = "Disable",
      paramType = true,
      semicolon = "Disable",
      setType = false
    },
    runtime = {
      path = { "?.lua", "?/init.lua" },
      pathStrict = true,
      version = "LuaJIT"
    },
    workspace = {
      checkThirdParty = false,
      ignoreDir = { "/lua" },
      library = { "/usr/share/nvim/runtime/lua", "/home/james/.config/LazyVim/lua", "/home/james/.local/share/LazyVim/lazy/nvim-surround/lua" }
    }
  }
}
[13:40:41.261][warn] [#0:script/config/loader.lua:116]: No config?	{}
[13:40:41.262][info] [#0:script/provider/provider.lua:64]: Load config from client	fallback
[13:40:41.262][info] [#0:script/provider/provider.lua:65]: nil
[13:40:41.262][warn] [#0:script/config/loader.lua:116]: No config?	{}
[13:40:41.262][info] [#0:script/provider/provider.lua:64]: Load config from client	fallback
[13:40:41.262][info] [#0:script/provider/provider.lua:65]: nil
[13:40:41.263][warn] [#0:script/config/loader.lua:116]: No config?	{}
[13:40:41.263][info] [#0:script/provider/provider.lua:64]: Load config from client	fallback
[13:40:41.263][info] [#0:script/provider/provider.lua:65]: nil
[13:40:41.375][info] [#0:script/library.lua:212]: Init builtin library at:	file:///home/james/.config/LazyVim
[13:40:41.390][info] [#0:script/library.lua:212]: Init builtin library at:	nil
[13:40:41.499][info] [#0:script/workspace/workspace.lua:324]: Preload start:	file:///home/james/.config/LazyVim
[13:40:41.511][info] [#0:script/workspace/workspace.lua:330]: Scan files at:	file:///home/james/.config/LazyVim
[13:40:41.511][info] [#0:script/workspace/workspace.lua:324]: Preload start:	<fallback>
[13:40:41.514][info] [#0:script/workspace/workspace.lua:353]: Scan library at:	file:///home/james/.local/share/LazyVim/mason/packages/lua-language-server/libexec/meta/Lua%205.4%20en-us%20utf8/utf8.lua
[13:40:41.515][info] [#0:script/workspace/workspace.lua:353]: Scan library at:	file:///home/james/.local/share/LazyVim/mason/packages/lua-language-server/libexec/meta/Lua%205.4%20en-us%20utf8/coroutine.lua
[13:40:41.515][info] [#0:script/workspace/workspace.lua:353]: Scan library at:	file:///home/james/.local/share/LazyVim/mason/packages/lua-language-server/libexec/meta/Lua%205.4%20en-us%20utf8/io.lua
[13:40:41.515][info] [#0:script/workspace/workspace.lua:353]: Scan library at:	file:///home/james/.local/share/LazyVim/mason/packages/lua-language-server/libexec/meta/Lua%205.4%20en-us%20utf8/debug.lua
[13:40:41.515][info] [#0:script/workspace/workspace.lua:353]: Scan library at:	file:///home/james/.local/share/LazyVim/mason/packages/lua-language-server/libexec/meta/Lua%205.4%20en-us%20utf8/basic.lua
[13:40:41.516][info] [#0:script/workspace/workspace.lua:353]: Scan library at:	file:///home/james/.local/share/LazyVim/mason/packages/lua-language-server/libexec/meta/Lua%205.4%20en-us%20utf8/string.lua
[13:40:41.516][info] [#0:script/workspace/workspace.lua:353]: Scan library at:	file:///home/james/.local/share/LazyVim/mason/packages/lua-language-server/libexec/meta/Lua%205.4%20en-us%20utf8/math.lua
[13:40:41.517][info] [#0:script/workspace/workspace.lua:353]: Scan library at:	file:///home/james/.local/share/LazyVim/mason/packages/lua-language-server/libexec/meta/Lua%205.4%20en-us%20utf8/table.lua
[13:40:41.517][info] [#0:script/workspace/workspace.lua:353]: Scan library at:	file:///home/james/.local/share/LazyVim/mason/packages/lua-language-server/libexec/meta/LuaJIT%20en-us%20utf8/basic.lua
[13:40:41.517][info] [#0:script/workspace/workspace.lua:353]: Scan library at:	file:///home/james/.local/share/LazyVim/mason/packages/lua-language-server/libexec/meta/Lua%205.4%20en-us%20utf8/package.lua
[13:40:41.517][info] [#0:script/workspace/workspace.lua:353]: Scan library at:	file:///home/james/.local/share/LazyVim/mason/packages/lua-language-server/libexec/meta/LuaJIT%20en-us%20utf8/table/new.lua
[13:40:41.518][info] [#0:script/workspace/workspace.lua:353]: Scan library at:	file:///home/james/.local/share/LazyVim/mason/packages/lua-language-server/libexec/meta/Lua%205.4%20en-us%20utf8/os.lua
[13:40:41.518][info] [#0:script/workspace/workspace.lua:353]: Scan library at:	file:///home/james/.local/share/LazyVim/mason/packages/lua-language-server/libexec/meta/LuaJIT%20en-us%20utf8/bit.lua
[13:40:41.518][info] [#0:script/workspace/workspace.lua:353]: Scan library at:	file:///home/james/.local/share/LazyVim/mason/packages/lua-language-server/libexec/meta/Lua%205.4%20en-us%20utf8/builtin.lua
[13:40:41.518][info] [#0:script/workspace/workspace.lua:353]: Scan library at:	file:///home/james/.config/LazyVim/lua
[13:40:41.519][info] [#0:script/workspace/workspace.lua:353]: Scan library at:	file:///home/james/.local/share/LazyVim/mason/packages/lua-language-server/libexec/meta/LuaJIT%20en-us%20utf8/jit/util.lua
[13:40:41.520][info] [#0:script/workspace/workspace.lua:353]: Scan library at:	file:///home/james/.local/share/LazyVim/mason/packages/lua-language-server/libexec/meta/LuaJIT%20en-us%20utf8/ffi.lua
[13:40:41.520][info] [#0:script/workspace/workspace.lua:353]: Scan library at:	file:///home/james/.local/share/LazyVim/mason/packages/lua-language-server/libexec/meta/LuaJIT%20en-us%20utf8/table/clear.lua
[13:40:41.520][info] [#0:script/workspace/workspace.lua:353]: Scan library at:	file:///home/james/.local/share/LazyVim/mason/packages/lua-language-server/libexec/meta/LuaJIT%20en-us%20utf8/string.lua
[13:40:41.520][info] [#0:script/workspace/workspace.lua:353]: Scan library at:	file:///home/james/.local/share/LazyVim/mason/packages/lua-language-server/libexec/meta/LuaJIT%20en-us%20utf8/os.lua
[13:40:41.520][info] [#0:script/workspace/workspace.lua:353]: Scan library at:	file:///home/james/.local/share/LazyVim/mason/packages/lua-language-server/libexec/meta/LuaJIT%20en-us%20utf8/string/buffer.lua
[13:40:41.521][info] [#0:script/workspace/workspace.lua:353]: Scan library at:	file:///home/james/.local/share/LazyVim/mason/packages/lua-language-server/libexec/meta/LuaJIT%20en-us%20utf8/jit/profile.lua
[13:40:41.521][info] [#0:script/workspace/workspace.lua:353]: Scan library at:	file:///home/james/.local/share/LazyVim/mason/packages/lua-language-server/libexec/meta/LuaJIT%20en-us%20utf8/math.lua
[13:40:41.521][info] [#0:script/workspace/workspace.lua:353]: Scan library at:	file:///home/james/.local/share/LazyVim/mason/packages/lua-language-server/libexec/meta/LuaJIT%20en-us%20utf8/io.lua
[13:40:41.521][info] [#0:script/workspace/workspace.lua:353]: Scan library at:	file:///home/james/.local/share/LazyVim/mason/packages/lua-language-server/libexec/meta/LuaJIT%20en-us%20utf8/jit.lua
[13:40:41.521][info] [#0:script/workspace/workspace.lua:353]: Scan library at:	file:///home/james/.local/share/LazyVim/mason/packages/lua-language-server/libexec/meta/LuaJIT%20en-us%20utf8/debug.lua
[13:40:41.522][info] [#0:script/workspace/workspace.lua:353]: Scan library at:	file:///home/james/.local/share/LazyVim/mason/packages/lua-language-server/libexec/meta/LuaJIT%20en-us%20utf8/builtin.lua
[13:40:41.522][info] [#0:script/workspace/workspace.lua:353]: Scan library at:	file:///home/james/.local/share/LazyVim/lazy/nvim-surround/lua
[13:40:41.523][info] [#0:script/workspace/workspace.lua:353]: Scan library at:	file:///home/james/.local/share/LazyVim/mason/packages/lua-language-server/libexec/meta/LuaJIT%20en-us%20utf8/package.lua
[13:40:41.524][info] [#0:script/workspace/workspace.lua:353]: Scan library at:	file:///home/james/.local/share/LazyVim/mason/packages/lua-language-server/libexec/meta/LuaJIT%20en-us%20utf8/coroutine.lua
[13:40:41.524][info] [#0:script/workspace/workspace.lua:353]: Scan library at:	file:///usr/share/nvim/runtime/lua
[13:40:41.537][info] [#0:script/workspace/workspace.lua:353]: Scan library at:	file:///home/james/.local/share/LazyVim/mason/packages/lua-language-server/libexec/meta/LuaJIT%20en-us%20utf8/table.lua
[13:40:41.637][info] [#0:script/workspace/workspace.lua:379]: Found 11 files at:	<fallback>
[13:40:41.637][info] [#0:script/workspace/loading.lua:160]: Load files from disk:	<fallback>
[13:40:41.637][info] [#0:script/workspace/workspace.lua:379]: Found 141 files at:	file:///home/james/.config/LazyVim
[13:40:41.637][info] [#0:script/workspace/loading.lua:160]: Load files from disk:	file:///home/james/.config/LazyVim
[13:40:41.641][info] [#0:script/workspace/loading.lua:100]: Preload file at: file:///home/james/.local/share/LazyVim/mason/packages/lua-language-server/libexec/meta/Lua%205.4%20en-us%20utf8/builtin.lua , size = 0.302 KB
[13:40:41.646][info] [#0:script/workspace/loading.lua:112]: ++++As library of:	file:///home/james/.local/share/LazyVim/mason/packages/lua-language-server/libexec/meta/Lua%205.4%20en-us%20utf8/builtin.lua
[13:40:41.646][info] [#0:script/workspace/loading.lua:100]: Preload file at: file:///home/james/.local/share/LazyVim/mason/packages/lua-language-server/libexec/meta/Lua%205.4%20en-us%20utf8/os.lua , size = 5.600 KB
[13:40:41.662][info] [#0:script/workspace/loading.lua:112]: ++++As library of:	file:///home/james/.local/share/LazyVim/mason/packages/lua-language-server/libexec/meta/Lua%205.4%20en-us%20utf8/os.lua
[13:40:41.662][info] [#0:script/workspace/loading.lua:100]: Preload file at: file:///home/james/.local/share/LazyVim/mason/packages/lua-language-server/libexec/meta/LuaJIT%20en-us%20utf8/table.lua , size = 4.235 KB
[13:40:41.674][info] [#0:script/workspace/loading.lua:112]: ++++As library of:	file:///home/james/.local/share/LazyVim/mason/packages/lua-language-server/libexec/meta/LuaJIT%20en-us%20utf8/table.lua
[13:40:41.675][info] [#0:script/workspace/loading.lua:100]: Preload file at: file:///home/james/.local/share/LazyVim/mason/packages/lua-language-server/libexec/meta/Lua%205.4%20en-us%20utf8/package.lua , size = 2.944 KB
[13:40:41.678][info] [#0:script/workspace/loading.lua:112]: ++++As library of:	file:///home/james/.local/share/LazyVim/mason/packages/lua-language-server/libexec/meta/Lua%205.4%20en-us%20utf8/package.lua
[13:40:41.678][info] [#0:script/workspace/loading.lua:100]: Preload file at: file:///usr/share/nvim/runtime/lua/nvim/health.lua , size = 12.509 KB
[13:40:41.688][info] [#0:script/workspace/loading.lua:112]: ++++As library of:	file:///usr/share/nvim/runtime/lua
[13:40:41.688][info] [#0:script/workspace/loading.lua:100]: Preload file at: file:///home/james/.local/share/LazyVim/mason/packages/lua-language-server/libexec/meta/Lua%205.4%20en-us%20utf8/table.lua , size = 4.235 KB
[13:40:41.691][info] [#0:script/workspace/loading.lua:112]: ++++As library of:	file:///home/james/.local/share/LazyVim/mason/packages/lua-language-server/libexec/meta/Lua%205.4%20en-us%20utf8/table.lua
[13:40:41.691][info] [#0:script/workspace/loading.lua:100]: Preload file at: file:///usr/share/nvim/runtime/lua/vim/filetype/options.lua , size = 2.559 KB
[13:40:41.696][info] [#0:script/workspace/loading.lua:112]: ++++As library of:	file:///usr/share/nvim/runtime/lua
[13:40:41.696][info] [#0:script/workspace/loading.lua:100]: Preload file at: file:///home/james/.local/share/LazyVim/mason/packages/lua-language-server/libexec/meta/Lua%205.4%20en-us%20utf8/math.lua , size = 8.509 KB
[13:40:41.700][info] [#0:script/workspace/loading.lua:112]: ++++As library of:	file:///home/james/.local/share/LazyVim/mason/packages/lua-language-server/libexec/meta/Lua%205.4%20en-us%20utf8/math.lua
[13:40:41.700][info] [#0:script/workspace/loading.lua:100]: Preload file at: file:///usr/share/nvim/runtime/lua/vim/filetype/detect.lua , size = 57.151 KB
[13:40:41.732][info] [#0:script/workspace/loading.lua:112]: ++++As library of:	file:///usr/share/nvim/runtime/lua
[13:40:41.732][info] [#0:script/workspace/loading.lua:100]: Preload file at: file:///home/james/.local/share/LazyVim/mason/packages/lua-language-server/libexec/meta/Lua%205.4%20en-us%20utf8/string.lua , size = 6.327 KB
[13:40:41.736][info] [#0:script/workspace/loading.lua:112]: ++++As library of:	file:///home/james/.local/share/LazyVim/mason/packages/lua-language-server/libexec/meta/Lua%205.4%20en-us%20utf8/string.lua
[13:40:41.736][info] [#0:script/workspace/loading.lua:100]: Preload file at: file:///usr/share/nvim/runtime/lua/vim/lsp/_changetracking.lua , size = 11.492 KB
[13:40:41.742][info] [#0:script/workspace/loading.lua:112]: ++++As library of:	file:///usr/share/nvim/runtime/lua
[13:40:41.742][info] [#0:script/workspace/loading.lua:100]: Preload file at: file:///home/james/.local/share/LazyVim/mason/packages/lua-language-server/libexec/meta/Lua%205.4%20en-us%20utf8/basic.lua , size = 15.621 KB
[13:40:41.753][info] [#0:script/workspace/loading.lua:112]: ++++As library of:	file:///home/james/.local/share/LazyVim/mason/packages/lua-language-server/libexec/meta/Lua%205.4%20en-us%20utf8/basic.lua
[13:40:41.753][info] [#0:script/workspace/loading.lua:100]: Preload file at: file:///usr/share/nvim/runtime/lua/vim/lsp/_completion.lua , size = 8.965 KB
[13:40:41.758][info] [#0:script/workspace/loading.lua:112]: ++++As library of:	file:///usr/share/nvim/runtime/lua
[13:40:41.758][info] [#0:script/workspace/loading.lua:100]: Preload file at: file:///home/james/.local/share/LazyVim/mason/packages/lua-language-server/libexec/meta/Lua%205.4%20en-us%20utf8/debug.lua , size = 7.637 KB
[13:40:41.762][info] [#0:script/workspace/loading.lua:112]: ++++As library of:	file:///home/james/.local/share/LazyVim/mason/packages/lua-language-server/libexec/meta/Lua%205.4%20en-us%20utf8/debug.lua
[13:40:41.762][info] [#0:script/workspace/loading.lua:100]: Preload file at: file:///usr/share/nvim/runtime/lua/vim/lsp/_dynamic.lua , size = 2.973 KB
[13:40:41.764][info] [#0:script/workspace/loading.lua:112]: ++++As library of:	file:///usr/share/nvim/runtime/lua
[13:40:41.764][info] [#0:script/workspace/loading.lua:100]: Preload file at: file:///home/james/.local/share/LazyVim/mason/packages/lua-language-server/libexec/meta/Lua%205.4%20en-us%20utf8/io.lua , size = 6.364 KB
[13:40:41.768][info] [#0:script/workspace/loading.lua:112]: ++++As library of:	file:///home/james/.local/share/LazyVim/mason/packages/lua-language-server/libexec/meta/Lua%205.4%20en-us%20utf8/io.lua
[13:40:41.768][info] [#0:script/workspace/loading.lua:100]: Preload file at: file:///usr/share/nvim/runtime/lua/vim/lsp/_meta.lua , size = 0.440 KB
[13:40:41.769][info] [#0:script/workspace/loading.lua:112]: ++++As library of:	file:///usr/share/nvim/runtime/lua
[13:40:41.769][info] [#0:script/workspace/loading.lua:100]: Preload file at: file:///home/james/.local/share/LazyVim/mason/packages/lua-language-server/libexec/meta/Lua%205.4%20en-us%20utf8/coroutine.lua , size = 2.590 KB
[13:40:41.770][info] [#0:script/workspace/loading.lua:112]: ++++As library of:	file:///home/james/.local/share/LazyVim/mason/packages/lua-language-server/libexec/meta/Lua%205.4%20en-us%20utf8/coroutine.lua
[13:40:41.770][info] [#0:script/workspace/loading.lua:100]: Preload file at: file:///usr/share/nvim/runtime/lua/vim/lsp/_snippet_grammar.lua , size = 6.179 KB
[13:40:41.775][info] [#0:script/workspace/loading.lua:112]: ++++As library of:	file:///usr/share/nvim/runtime/lua
[13:40:41.775][info] [#0:script/workspace/loading.lua:100]: Preload file at: file:///home/james/.local/share/LazyVim/mason/packages/lua-language-server/libexec/meta/Lua%205.4%20en-us%20utf8/utf8.lua , size = 2.386 KB
[13:40:41.776][info] [#0:script/workspace/loading.lua:112]: ++++As library of:	file:///home/james/.local/share/LazyVim/mason/packages/lua-language-server/libexec/meta/Lua%205.4%20en-us%20utf8/utf8.lua
[13:40:41.776][info] [#0:script/workspace/loading.lua:100]: Preload file at: file:///usr/share/nvim/runtime/lua/vim/lsp/_tagfunc.lua , size = 2.787 KB
[13:40:41.778][info] [#0:script/workspace/loading.lua:112]: ++++As library of:	file:///usr/share/nvim/runtime/lua
[13:40:41.778][info] [#0:script/workspace/loading.lua:100]: Preload file at: file:///usr/share/nvim/runtime/lua/vim/lsp/_watchfiles.lua , size = 6.889 KB
[13:40:41.782][info] [#0:script/workspace/loading.lua:112]: ++++As library of:	file:///usr/share/nvim/runtime/lua
[13:40:41.782][info] [#0:script/workspace/loading.lua:100]: Preload file at: file:///usr/share/nvim/runtime/lua/vim/lsp/buf.lua , size = 31.091 KB
[13:40:41.803][info] [#0:script/workspace/loading.lua:112]: ++++As library of:	file:///usr/share/nvim/runtime/lua
[13:40:41.803][info] [#0:script/workspace/loading.lua:100]: Preload file at: file:///usr/share/nvim/runtime/lua/vim/lsp/_meta/protocol.lua , size = 175.343 KB
[13:40:41.867][info] [#0:script/workspace/loading.lua:112]: ++++As library of:	file:///usr/share/nvim/runtime/lua
[13:40:41.867][info] [#0:script/workspace/loading.lua:100]: Preload file at: file:///usr/share/nvim/runtime/lua/vim/lsp/codelens.lua , size = 9.336 KB
[13:40:41.872][info] [#0:script/workspace/loading.lua:112]: ++++As library of:	file:///usr/share/nvim/runtime/lua
[13:40:41.872][info] [#0:script/workspace/loading.lua:100]: Preload file at: file:///usr/share/nvim/runtime/lua/vim/lsp/client.lua , size = 38.013 KB
[13:40:41.891][info] [#0:script/workspace/loading.lua:112]: ++++As library of:	file:///usr/share/nvim/runtime/lua
[13:40:41.891][info] [#0:script/workspace/loading.lua:172]: Loaded files takes [0.262] sec: <fallback>
[13:40:41.891][info] [#0:script/workspace/loading.lua:181]: Compile files takes [0.000] sec: <fallback>
[13:40:41.891][info] [#0:script/workspace/loading.lua:182]: Loaded finish:	<fallback>
[13:40:41.891][info] [#0:script/workspace/workspace.lua:381]: Preload finish at:	<fallback>
[13:40:41.895][info] [#0:script/workspace/loading.lua:100]: Preload file at: file:///usr/share/nvim/runtime/lua/vim/lsp/diagnostic.lua , size = 13.852 KB
[13:40:41.902][info] [#0:script/workspace/loading.lua:112]: ++++As library of:	file:///usr/share/nvim/runtime/lua
[13:40:41.902][info] [#0:script/workspace/loading.lua:100]: Preload file at: file:///usr/share/nvim/runtime/lua/vim/lsp/health.lua , size = 5.398 KB
[13:40:41.906][info] [#0:script/workspace/loading.lua:112]: ++++As library of:	file:///usr/share/nvim/runtime/lua
[13:40:41.906][info] [#0:script/workspace/loading.lua:100]: Preload file at: file:///usr/share/nvim/runtime/lua/vim/lsp/handlers.lua , size = 26.781 KB
[13:40:41.919][info] [#0:script/workspace/loading.lua:112]: ++++As library of:	file:///usr/share/nvim/runtime/lua
[13:40:41.919][info] [#0:script/workspace/loading.lua:100]: Preload file at: file:///usr/share/nvim/runtime/lua/vim/lsp/inlay_hint.lua , size = 12.172 KB
[13:40:41.926][info] [#0:script/workspace/loading.lua:112]: ++++As library of:	file:///usr/share/nvim/runtime/lua
[13:40:41.926][info] [#0:script/workspace/loading.lua:100]: Preload file at: file:///usr/share/nvim/runtime/lua/vim/lsp/log.lua , size = 4.673 KB
[13:40:41.929][info] [#0:script/workspace/loading.lua:112]: ++++As library of:	file:///usr/share/nvim/runtime/lua
[13:40:41.929][info] [#0:script/workspace/loading.lua:100]: Preload file at: file:///usr/share/nvim/runtime/lua/vim/lsp/protocol.lua , size = 48.943 KB
[13:40:41.939][info] [#0:script/workspace/loading.lua:112]: ++++As library of:	file:///usr/share/nvim/runtime/lua
[13:40:41.939][info] [#0:script/workspace/loading.lua:100]: Preload file at: file:///usr/share/nvim/runtime/lua/vim/lsp/rpc.lua , size = 25.991 KB
[13:40:41.952][info] [#0:script/workspace/loading.lua:112]: ++++As library of:	file:///usr/share/nvim/runtime/lua
[13:40:41.953][info] [#0:script/workspace/loading.lua:100]: Preload file at: file:///usr/share/nvim/runtime/lua/vim/lsp/semantic_tokens.lua , size = 26.267 KB
[13:40:41.982][info] [#0:script/workspace/loading.lua:112]: ++++As library of:	file:///usr/share/nvim/runtime/lua
[13:40:41.982][info] [#0:script/workspace/loading.lua:100]: Preload file at: file:///usr/share/nvim/runtime/lua/vim/lsp/sync.lua , size = 16.226 KB
[13:40:41.989][info] [#0:script/workspace/loading.lua:112]: ++++As library of:	file:///usr/share/nvim/runtime/lua
[13:40:41.989][info] [#0:script/workspace/loading.lua:100]: Preload file at: file:///usr/share/nvim/runtime/lua/vim/treesitter/_fold.lua , size = 14.081 KB
[13:40:41.997][info] [#0:script/workspace/loading.lua:112]: ++++As library of:	file:///usr/share/nvim/runtime/lua
[13:40:41.997][info] [#0:script/workspace/loading.lua:100]: Preload file at: file:///usr/share/nvim/runtime/lua/vim/treesitter/_meta.lua , size = 4.483 KB
[13:40:42.001][info] [#0:script/workspace/loading.lua:112]: ++++As library of:	file:///usr/share/nvim/runtime/lua
[13:40:42.001][info] [#0:script/workspace/loading.lua:100]: Preload file at: file:///usr/share/nvim/runtime/lua/vim/lsp/util.lua , size = 77.017 KB
[13:40:42.039][info] [#0:script/workspace/loading.lua:112]: ++++As library of:	file:///usr/share/nvim/runtime/lua
[13:40:42.039][info] [#0:script/workspace/loading.lua:100]: Preload file at: file:///usr/share/nvim/runtime/lua/vim/treesitter/_query_linter.lua , size = 7.627 KB
[13:40:42.045][info] [#0:script/workspace/loading.lua:112]: ++++As library of:	file:///usr/share/nvim/runtime/lua
[13:40:42.045][info] [#0:script/workspace/loading.lua:100]: Preload file at: file:///usr/share/nvim/runtime/lua/vim/treesitter/_range.lua , size = 3.869 KB
[13:40:42.048][info] [#0:script/workspace/loading.lua:112]: ++++As library of:	file:///usr/share/nvim/runtime/lua
[13:40:42.048][info] [#0:script/workspace/loading.lua:100]: Preload file at: file:///usr/share/nvim/runtime/lua/vim/treesitter/dev.lua , size = 19.644 KB
[13:40:42.061][info] [#0:script/workspace/loading.lua:112]: ++++As library of:	file:///usr/share/nvim/runtime/lua
[13:40:42.061][info] [#0:script/workspace/loading.lua:100]: Preload file at: file:///usr/share/nvim/runtime/lua/vim/treesitter/health.lua , size = 0.856 KB
[13:40:42.062][info] [#0:script/workspace/loading.lua:112]: ++++As library of:	file:///usr/share/nvim/runtime/lua
[13:40:42.062][info] [#0:script/workspace/loading.lua:100]: Preload file at: file:///usr/share/nvim/runtime/lua/vim/treesitter/highlighter.lua , size = 11.811 KB
[13:40:42.069][info] [#0:script/workspace/loading.lua:112]: ++++As library of:	file:///usr/share/nvim/runtime/lua
[13:40:42.069][info] [#0:script/workspace/loading.lua:100]: Preload file at: file:///usr/share/nvim/runtime/lua/vim/treesitter/language.lua , size = 3.684 KB
[13:40:42.071][info] [#0:script/workspace/loading.lua:112]: ++++As library of:	file:///usr/share/nvim/runtime/lua
[13:40:42.072][info] [#0:script/workspace/loading.lua:100]: Preload file at: file:///usr/share/nvim/runtime/lua/vim/treesitter/languagetree.lua , size = 33.292 KB
[13:40:42.092][info] [#0:script/workspace/loading.lua:112]: ++++As library of:	file:///usr/share/nvim/runtime/lua
[13:40:42.092][info] [#0:script/workspace/loading.lua:100]: Preload file at: file:///usr/share/nvim/runtime/lua/vim/treesitter/query.lua , size = 32.301 KB
[13:40:42.112][info] [#0:script/workspace/loading.lua:112]: ++++As library of:	file:///usr/share/nvim/runtime/lua
[13:40:42.112][info] [#0:script/workspace/loading.lua:100]: Preload file at: file:///usr/share/nvim/runtime/lua/vim/_meta/api_keysets.lua , size = 8.292 KB
[13:40:42.155][info] [#0:script/workspace/loading.lua:112]: ++++As library of:	file:///usr/share/nvim/runtime/lua
[13:40:42.155][info] [#0:script/workspace/loading.lua:100]: Preload file at: file:///usr/share/nvim/runtime/lua/vim/_meta/api_keysets_extra.lua , size = 4.535 KB
[13:40:42.160][info] [#0:script/workspace/loading.lua:112]: ++++As library of:	file:///usr/share/nvim/runtime/lua
[13:40:42.160][info] [#0:script/workspace/loading.lua:100]: Preload file at: file:///usr/share/nvim/runtime/lua/vim/_meta/api.lua , size = 97.321 KB
[13:40:42.195][info] [#0:script/workspace/loading.lua:112]: ++++As library of:	file:///usr/share/nvim/runtime/lua
[13:40:42.195][info] [#0:script/workspace/loading.lua:100]: Preload file at: file:///usr/share/nvim/runtime/lua/vim/_meta/base64.lua , size = 0.307 KB
[13:40:42.196][info] [#0:script/workspace/loading.lua:112]: ++++As library of:	file:///usr/share/nvim/runtime/lua
[13:40:42.196][info] [#0:script/workspace/loading.lua:100]: Preload file at: file:///usr/share/nvim/runtime/lua/vim/_meta/builtin.lua , size = 11.183 KB
[13:40:42.200][info] [#0:script/workspace/loading.lua:112]: ++++As library of:	file:///usr/share/nvim/runtime/lua
[13:40:42.200][info] [#0:script/workspace/loading.lua:100]: Preload file at: file:///usr/share/nvim/runtime/lua/vim/_meta/builtin_types.lua , size = 3.362 KB
[13:40:42.202][info] [#0:script/workspace/loading.lua:112]: ++++As library of:	file:///usr/share/nvim/runtime/lua
[13:40:42.203][info] [#0:script/workspace/loading.lua:100]: Preload file at: file:///usr/share/nvim/runtime/lua/vim/_meta/diff.lua , size = 2.492 KB
[13:40:42.204][info] [#0:script/workspace/loading.lua:112]: ++++As library of:	file:///usr/share/nvim/runtime/lua
[13:40:42.204][info] [#0:script/workspace/loading.lua:100]: Preload file at: file:///usr/share/nvim/runtime/lua/vim/_meta/json.lua , size = 1.359 KB
[13:40:42.205][info] [#0:script/workspace/loading.lua:112]: ++++As library of:	file:///usr/share/nvim/runtime/lua
[13:40:42.205][info] [#0:script/workspace/loading.lua:100]: Preload file at: file:///usr/share/nvim/runtime/lua/vim/_meta/lpeg.lua , size = 15.348 KB
[13:40:42.210][info] [#0:script/workspace/loading.lua:112]: ++++As library of:	file:///usr/share/nvim/runtime/lua
[13:40:42.210][info] [#0:script/workspace/loading.lua:100]: Preload file at: file:///usr/share/nvim/runtime/lua/vim/_meta/misc.lua , size = 0.291 KB
[13:40:42.211][info] [#0:script/workspace/loading.lua:112]: ++++As library of:	file:///usr/share/nvim/runtime/lua
[13:40:42.211][info] [#0:script/workspace/loading.lua:100]: Preload file at: file:///usr/share/nvim/runtime/lua/vim/_meta/mpack.lua , size = 0.478 KB
[13:40:42.212][info] [#0:script/workspace/loading.lua:112]: ++++As library of:	file:///usr/share/nvim/runtime/lua
[13:40:42.212][info] [#0:script/workspace/loading.lua:100]: Preload file at: file:///usr/share/nvim/runtime/lua/vim/_meta/options.lua , size = 323.972 KB
[13:40:42.326][info] [#0:script/workspace/loading.lua:112]: ++++As library of:	file:///usr/share/nvim/runtime/lua
[13:40:42.326][info] [#0:script/workspace/loading.lua:100]: Preload file at: file:///usr/share/nvim/runtime/lua/vim/_meta/re.lua , size = 2.217 KB
[13:40:42.328][info] [#0:script/workspace/loading.lua:112]: ++++As library of:	file:///usr/share/nvim/runtime/lua
[13:40:42.328][info] [#0:script/workspace/loading.lua:100]: Preload file at: file:///usr/share/nvim/runtime/lua/vim/_meta/regex.lua , size = 1.347 KB
[13:40:42.329][info] [#0:script/workspace/loading.lua:112]: ++++As library of:	file:///usr/share/nvim/runtime/lua
[13:40:42.329][info] [#0:script/workspace/loading.lua:100]: Preload file at: file:///usr/share/nvim/runtime/lua/vim/_meta/spell.lua , size = 0.943 KB
[13:40:42.366][info] [#0:script/workspace/loading.lua:112]: ++++As library of:	file:///usr/share/nvim/runtime/lua
[13:40:42.367][info] [#0:script/workspace/loading.lua:100]: Preload file at: file:///usr/share/nvim/runtime/lua/vim/_meta/vvars.lua , size = 25.272 KB
[13:40:42.379][info] [#0:script/workspace/loading.lua:112]: ++++As library of:	file:///usr/share/nvim/runtime/lua
[13:40:42.379][info] [#0:script/workspace/loading.lua:100]: Preload file at: file:///usr/share/nvim/runtime/lua/vim/func/_memoize.lua , size = 1.354 KB
[13:40:42.381][info] [#0:script/workspace/loading.lua:112]: ++++As library of:	file:///usr/share/nvim/runtime/lua
[13:40:42.381][info] [#0:script/workspace/loading.lua:100]: Preload file at: file:///usr/share/nvim/runtime/lua/vim/_meta/vimfn.lua , size = 398.838 KB
[13:40:42.517][info] [#0:script/workspace/loading.lua:112]: ++++As library of:	file:///usr/share/nvim/runtime/lua
[13:40:42.517][info] [#0:script/workspace/loading.lua:100]: Preload file at: file:///usr/share/nvim/runtime/lua/vim/provider/perl.lua , size = 1.998 KB
[13:40:42.519][info] [#0:script/workspace/loading.lua:112]: ++++As library of:	file:///usr/share/nvim/runtime/lua
[13:40:42.519][info] [#0:script/workspace/loading.lua:100]: Preload file at: file:///usr/share/nvim/runtime/lua/vim/provider/python.lua , size = 4.224 KB
[13:40:42.522][info] [#0:script/workspace/loading.lua:112]: ++++As library of:	file:///usr/share/nvim/runtime/lua
[13:40:42.522][info] [#0:script/workspace/loading.lua:100]: Preload file at: file:///usr/share/nvim/runtime/lua/vim/provider/ruby.lua , size = 1.563 KB
[13:40:42.524][info] [#0:script/workspace/loading.lua:112]: ++++As library of:	file:///usr/share/nvim/runtime/lua
[13:40:42.524][info] [#0:script/workspace/loading.lua:100]: Preload file at: file:///usr/share/nvim/runtime/lua/vim/ui/clipboard/osc52.lua , size = 2.137 KB
[13:40:42.526][info] [#0:script/workspace/loading.lua:112]: ++++As library of:	file:///usr/share/nvim/runtime/lua
[13:40:42.526][info] [#0:script/workspace/loading.lua:100]: Preload file at: file:///usr/share/nvim/runtime/lua/vim/F.lua , size = 1.076 KB
[13:40:42.527][info] [#0:script/workspace/loading.lua:112]: ++++As library of:	file:///usr/share/nvim/runtime/lua
[13:40:42.527][info] [#0:script/workspace/loading.lua:100]: Preload file at: file:///usr/share/nvim/runtime/lua/vim/_comment.lua , size = 8.743 KB
[13:40:42.533][info] [#0:script/workspace/loading.lua:112]: ++++As library of:	file:///usr/share/nvim/runtime/lua
[13:40:42.533][info] [#0:script/workspace/loading.lua:100]: Preload file at: file:///usr/share/nvim/runtime/lua/vim/_defaults.lua , size = 18.695 KB
[13:40:42.542][info] [#0:script/workspace/loading.lua:112]: ++++As library of:	file:///usr/share/nvim/runtime/lua
[13:40:42.542][info] [#0:script/workspace/loading.lua:100]: Preload file at: file:///usr/share/nvim/runtime/lua/vim/_editor.lua , size = 34.328 KB
[13:40:42.561][info] [#0:script/workspace/loading.lua:112]: ++++As library of:	file:///usr/share/nvim/runtime/lua
[13:40:42.561][info] [#0:script/workspace/loading.lua:100]: Preload file at: file:///usr/share/nvim/runtime/lua/vim/_init_packages.lua , size = 3.023 KB
[13:40:42.563][info] [#0:script/workspace/loading.lua:112]: ++++As library of:	file:///usr/share/nvim/runtime/lua
[13:40:42.563][info] [#0:script/workspace/loading.lua:100]: Preload file at: file:///usr/share/nvim/runtime/lua/vim/_inspector.lua , size = 7.494 KB
[13:40:42.568][info] [#0:script/workspace/loading.lua:112]: ++++As library of:	file:///usr/share/nvim/runtime/lua
[13:40:42.568][info] [#0:script/workspace/loading.lua:100]: Preload file at: file:///usr/share/nvim/runtime/lua/vim/_meta.lua , size = 0.977 KB
[13:40:42.569][info] [#0:script/workspace/loading.lua:112]: ++++As library of:	file:///usr/share/nvim/runtime/lua
[13:40:42.569][info] [#0:script/workspace/loading.lua:100]: Preload file at: file:///usr/share/nvim/runtime/lua/vim/_options.lua , size = 25.519 KB
[13:40:42.580][info] [#0:script/workspace/loading.lua:112]: ++++As library of:	file:///usr/share/nvim/runtime/lua
[13:40:42.581][info] [#0:script/workspace/loading.lua:100]: Preload file at: file:///usr/share/nvim/runtime/lua/vim/_system.lua , size = 9.135 KB
[13:40:42.587][info] [#0:script/workspace/loading.lua:112]: ++++As library of:	file:///usr/share/nvim/runtime/lua
[13:40:42.587][info] [#0:script/workspace/loading.lua:100]: Preload file at: file:///usr/share/nvim/runtime/lua/vim/_watch.lua , size = 8.901 KB
[13:40:42.593][info] [#0:script/workspace/loading.lua:112]: ++++As library of:	file:///usr/share/nvim/runtime/lua
[13:40:42.593][info] [#0:script/workspace/loading.lua:100]: Preload file at: file:///usr/share/nvim/runtime/lua/vim/diagnostic.lua , size = 69.172 KB
[13:40:42.632][info] [#0:script/workspace/loading.lua:112]: ++++As library of:	file:///usr/share/nvim/runtime/lua
[13:40:42.632][info] [#0:script/workspace/loading.lua:100]: Preload file at: file:///usr/share/nvim/runtime/lua/vim/filetype.lua , size = 68.524 KB
[13:40:42.732][info] [#0:script/workspace/loading.lua:112]: ++++As library of:	file:///usr/share/nvim/runtime/lua
[13:40:42.732][info] [#0:script/workspace/loading.lua:100]: Preload file at: file:///usr/share/nvim/runtime/lua/vim/fs.lua , size = 18.719 KB
[13:40:42.743][info] [#0:script/workspace/loading.lua:112]: ++++As library of:	file:///usr/share/nvim/runtime/lua
[13:40:42.748][info] [#0:script/workspace/loading.lua:100]: Preload file at: file:///usr/share/nvim/runtime/lua/vim/func.lua , size = 1.753 KB
[13:40:42.748][info] [#0:script/workspace/loading.lua:112]: ++++As library of:	file:///usr/share/nvim/runtime/lua
[13:40:42.749][info] [#0:script/workspace/loading.lua:100]: Preload file at: file:///usr/share/nvim/runtime/lua/vim/glob.lua , size = 3.001 KB
[13:40:42.751][info] [#0:script/workspace/loading.lua:112]: ++++As library of:	file:///usr/share/nvim/runtime/lua
[13:40:42.751][info] [#0:script/workspace/loading.lua:100]: Preload file at: file:///usr/share/nvim/runtime/lua/vim/health.lua , size = 12.684 KB
[13:40:42.760][info] [#0:script/workspace/loading.lua:112]: ++++As library of:	file:///usr/share/nvim/runtime/lua
[13:40:42.760][info] [#0:script/workspace/loading.lua:100]: Preload file at: file:///usr/share/nvim/runtime/lua/vim/highlight.lua , size = 4.526 KB
[13:40:42.762][info] [#0:script/workspace/loading.lua:112]: ++++As library of:	file:///usr/share/nvim/runtime/lua
[13:40:42.763][info] [#0:script/workspace/loading.lua:100]: Preload file at: file:///usr/share/nvim/runtime/lua/vim/inspect.lua , size = 8.864 KB
[13:40:42.768][info] [#0:script/workspace/loading.lua:112]: ++++As library of:	file:///usr/share/nvim/runtime/lua
[13:40:42.768][info] [#0:script/workspace/loading.lua:100]: Preload file at: file:///usr/share/nvim/runtime/lua/vim/iter.lua , size = 25.504 KB
[13:40:42.784][info] [#0:script/workspace/loading.lua:112]: ++++As library of:	file:///usr/share/nvim/runtime/lua
[13:40:42.784][info] [#0:script/workspace/loading.lua:100]: Preload file at: file:///usr/share/nvim/runtime/lua/vim/keymap.lua , size = 3.682 KB
[13:40:42.786][info] [#0:script/workspace/loading.lua:112]: ++++As library of:	file:///usr/share/nvim/runtime/lua
[13:40:42.786][info] [#0:script/workspace/loading.lua:100]: Preload file at: file:///usr/share/nvim/runtime/lua/vim/loader.lua , size = 15.741 KB
[13:40:42.797][info] [#0:script/workspace/loading.lua:112]: ++++As library of:	file:///usr/share/nvim/runtime/lua
[13:40:42.797][info] [#0:script/workspace/loading.lua:100]: Preload file at: file:///usr/share/nvim/runtime/lua/vim/provider.lua , size = 0.197 KB
[13:40:42.798][info] [#0:script/workspace/loading.lua:112]: ++++As library of:	file:///usr/share/nvim/runtime/lua
[13:40:42.798][info] [#0:script/workspace/loading.lua:100]: Preload file at: file:///usr/share/nvim/runtime/lua/vim/lsp.lua , size = 40.430 KB
[13:40:42.822][info] [#0:script/workspace/loading.lua:112]: ++++As library of:	file:///usr/share/nvim/runtime/lua
[13:40:42.822][info] [#0:script/workspace/loading.lua:100]: Preload file at: file:///usr/share/nvim/runtime/lua/vim/re.lua , size = 6.495 KB
[13:40:42.828][info] [#0:script/workspace/loading.lua:112]: ++++As library of:	file:///usr/share/nvim/runtime/lua
[13:40:42.828][info] [#0:script/workspace/loading.lua:100]: Preload file at: file:///usr/share/nvim/runtime/lua/vim/secure.lua , size = 5.018 KB
[13:40:42.832][info] [#0:script/workspace/loading.lua:112]: ++++As library of:	file:///usr/share/nvim/runtime/lua
[13:40:42.832][info] [#0:script/workspace/loading.lua:100]: Preload file at: file:///usr/share/nvim/runtime/lua/vim/shared.lua , size = 29.331 KB
[13:40:42.850][info] [#0:script/workspace/loading.lua:112]: ++++As library of:	file:///usr/share/nvim/runtime/lua
[13:40:42.850][info] [#0:script/workspace/loading.lua:100]: Preload file at: file:///usr/share/nvim/runtime/lua/vim/snippet.lua , size = 20.081 KB
[13:40:42.861][info] [#0:script/workspace/loading.lua:112]: ++++As library of:	file:///usr/share/nvim/runtime/lua
[13:40:42.861][info] [#0:script/workspace/loading.lua:100]: Preload file at: file:///usr/share/nvim/runtime/lua/vim/termcap.lua , size = 3.103 KB
[13:40:42.863][info] [#0:script/workspace/loading.lua:112]: ++++As library of:	file:///usr/share/nvim/runtime/lua
[13:40:42.863][info] [#0:script/workspace/loading.lua:100]: Preload file at: file:///usr/share/nvim/runtime/lua/vim/text.lua , size = 0.812 KB
[13:40:42.864][info] [#0:script/workspace/loading.lua:112]: ++++As library of:	file:///usr/share/nvim/runtime/lua
[13:40:42.864][info] [#0:script/workspace/loading.lua:100]: Preload file at: file:///usr/share/nvim/runtime/lua/vim/treesitter.lua , size = 14.036 KB
[13:40:42.871][info] [#0:script/workspace/loading.lua:112]: ++++As library of:	file:///usr/share/nvim/runtime/lua
[13:40:42.871][info] [#0:script/workspace/loading.lua:100]: Preload file at: file:///usr/share/nvim/runtime/lua/vim/ui.lua , size = 5.396 KB
[13:40:42.874][info] [#0:script/workspace/loading.lua:112]: ++++As library of:	file:///usr/share/nvim/runtime/lua
[13:40:42.874][info] [#0:script/workspace/loading.lua:100]: Preload file at: file:///usr/share/nvim/runtime/lua/vim/uri.lua , size = 3.569 KB
[13:40:42.876][info] [#0:script/workspace/loading.lua:112]: ++++As library of:	file:///usr/share/nvim/runtime/lua
[13:40:42.876][info] [#0:script/workspace/loading.lua:100]: Preload file at: file:///usr/share/nvim/runtime/lua/vim/version.lua , size = 13.605 KB
[13:40:42.884][info] [#0:script/workspace/loading.lua:112]: ++++As library of:	file:///usr/share/nvim/runtime/lua
[13:40:42.884][info] [#0:script/workspace/loading.lua:100]: Preload file at: file:///usr/share/nvim/runtime/lua/vim/vimhelp.lua , size = 0.967 KB
[13:40:42.885][info] [#0:script/workspace/loading.lua:112]: ++++As library of:	file:///usr/share/nvim/runtime/lua
[13:40:42.885][info] [#0:script/workspace/loading.lua:100]: Preload file at: file:///usr/share/nvim/runtime/lua/provider/clipboard/health.lua , size = 1.151 KB
[13:40:42.886][info] [#0:script/workspace/loading.lua:112]: ++++As library of:	file:///usr/share/nvim/runtime/lua
[13:40:42.886][info] [#0:script/workspace/loading.lua:100]: Preload file at: file:///usr/share/nvim/runtime/lua/provider/node/health.lua , size = 3.375 KB
[13:40:42.888][info] [#0:script/workspace/loading.lua:112]: ++++As library of:	file:///usr/share/nvim/runtime/lua
[13:40:42.888][info] [#0:script/workspace/loading.lua:100]: Preload file at: file:///usr/share/nvim/runtime/lua/provider/perl/health.lua , size = 2.752 KB
[13:40:42.890][info] [#0:script/workspace/loading.lua:112]: ++++As library of:	file:///usr/share/nvim/runtime/lua
[13:40:42.890][info] [#0:script/workspace/loading.lua:100]: Preload file at: file:///usr/share/nvim/runtime/lua/provider/python/health.lua , size = 16.369 KB
[13:40:42.897][info] [#0:script/workspace/loading.lua:112]: ++++As library of:	file:///usr/share/nvim/runtime/lua
[13:40:42.897][info] [#0:script/workspace/loading.lua:100]: Preload file at: file:///usr/share/nvim/runtime/lua/provider/ruby/health.lua , size = 2.211 KB
[13:40:42.899][info] [#0:script/workspace/loading.lua:112]: ++++As library of:	file:///usr/share/nvim/runtime/lua
[13:40:42.899][info] [#0:script/workspace/loading.lua:100]: Preload file at: file:///usr/share/nvim/runtime/lua/_vim9script.lua , size = 15.418 KB
[13:40:42.908][info] [#0:script/workspace/loading.lua:112]: ++++As library of:	file:///usr/share/nvim/runtime/lua
[13:40:42.908][info] [#0:script/workspace/loading.lua:100]: Preload file at: file:///usr/share/nvim/runtime/lua/coxpcall.lua , size = 3.451 KB
[13:40:42.910][info] [#0:script/workspace/loading.lua:112]: ++++As library of:	file:///usr/share/nvim/runtime/lua
[13:40:42.910][info] [#0:script/workspace/loading.lua:100]: Preload file at: file:///usr/share/nvim/runtime/lua/editorconfig.lua , size = 10.443 KB
[13:40:42.917][info] [#0:script/workspace/loading.lua:112]: ++++As library of:	file:///usr/share/nvim/runtime/lua
[13:40:42.918][info] [#0:script/workspace/loading.lua:100]: Preload file at: file:///usr/share/nvim/runtime/lua/man.lua , size = 23.687 KB
[13:40:42.931][info] [#0:script/workspace/loading.lua:112]: ++++As library of:	file:///usr/share/nvim/runtime/lua
[13:40:42.932][info] [#0:script/workspace/loading.lua:100]: Preload file at: file:///usr/share/nvim/runtime/lua/tohtml.lua , size = 42.432 KB
[13:40:42.958][info] [#0:script/workspace/loading.lua:112]: ++++As library of:	file:///usr/share/nvim/runtime/lua
[13:40:42.958][info] [#0:script/workspace/loading.lua:100]: Preload file at: file:///home/james/.local/share/LazyVim/mason/packages/lua-language-server/libexec/meta/LuaJIT%20en-us%20utf8/coroutine.lua , size = 2.541 KB
[13:40:42.960][info] [#0:script/workspace/loading.lua:112]: ++++As library of:	file:///home/james/.local/share/LazyVim/mason/packages/lua-language-server/libexec/meta/LuaJIT%20en-us%20utf8/coroutine.lua
[13:40:42.960][info] [#0:script/workspace/loading.lua:100]: Preload file at: file:///home/james/.local/share/LazyVim/mason/packages/lua-language-server/libexec/meta/LuaJIT%20en-us%20utf8/package.lua , size = 2.699 KB
[13:40:42.962][info] [#0:script/workspace/loading.lua:112]: ++++As library of:	file:///home/james/.local/share/LazyVim/mason/packages/lua-language-server/libexec/meta/LuaJIT%20en-us%20utf8/package.lua
[13:40:42.962][info] [#0:script/workspace/loading.lua:100]: Preload file at: file:///home/james/.local/share/LazyVim/lazy/nvim-surround/lua/nvim-surround/annotations.lua , size = 2.676 KB
[13:40:42.963][info] [#0:script/workspace/loading.lua:112]: ++++As library of:	file:///home/james/.local/share/LazyVim/lazy/nvim-surround/lua
[13:40:42.964][info] [#0:script/workspace/loading.lua:100]: Preload file at: file:///home/james/.local/share/LazyVim/lazy/nvim-surround/lua/nvim-surround/cache.lua , size = 0.604 KB
[13:40:42.964][info] [#0:script/workspace/loading.lua:112]: ++++As library of:	file:///home/james/.local/share/LazyVim/lazy/nvim-surround/lua
[13:40:42.966][info] [#0:script/workspace/loading.lua:88]: Skip loaded file: file:///home/james/.config/LazyVim/lua/plugins/surround.lua
[13:40:42.967][info] [#0:script/workspace/loading.lua:112]: ++++As library of:	file:///home/james/.config/LazyVim/lua
[13:40:43.071][info] [#0:script/workspace/loading.lua:100]: Preload file at: file:///home/james/.local/share/LazyVim/lazy/nvim-surround/lua/nvim-surround/config.lua , size = 30.668 KB
[13:40:43.110][info] [#0:script/workspace/loading.lua:112]: ++++As library of:	file:///home/james/.local/share/LazyVim/lazy/nvim-surround/lua
[13:40:43.110][info] [#0:script/workspace/loading.lua:100]: Preload file at: file:///home/james/.local/share/LazyVim/lazy/nvim-surround/lua/nvim-surround/functional.lua , size = 0.322 KB
[13:40:43.111][info] [#0:script/workspace/loading.lua:112]: ++++As library of:	file:///home/james/.local/share/LazyVim/lazy/nvim-surround/lua
[13:40:43.111][info] [#0:script/workspace/loading.lua:100]: Preload file at: file:///home/james/.local/share/LazyVim/lazy/nvim-surround/lua/nvim-surround/buffer.lua , size = 11.569 KB
[13:40:43.120][info] [#0:script/workspace/loading.lua:112]: ++++As library of:	file:///home/james/.local/share/LazyVim/lazy/nvim-surround/lua
[13:40:43.120][info] [#0:script/workspace/loading.lua:100]: Preload file at: file:///home/james/.local/share/LazyVim/lazy/nvim-surround/lua/nvim-surround/input.lua , size = 1.243 KB
[13:40:43.121][info] [#0:script/workspace/loading.lua:112]: ++++As library of:	file:///home/james/.local/share/LazyVim/lazy/nvim-surround/lua
[13:40:43.121][info] [#0:script/workspace/loading.lua:100]: Preload file at: file:///home/james/.local/share/LazyVim/lazy/nvim-surround/lua/nvim-surround/motions.lua , size = 2.542 KB
[13:40:43.123][info] [#0:script/workspace/loading.lua:112]: ++++As library of:	file:///home/james/.local/share/LazyVim/lazy/nvim-surround/lua
[13:40:43.123][info] [#0:script/workspace/loading.lua:100]: Preload file at: file:///home/james/.local/share/LazyVim/lazy/nvim-surround/lua/nvim-surround/init.lua , size = 15.105 KB
[13:40:43.130][info] [#0:script/workspace/loading.lua:112]: ++++As library of:	file:///home/james/.local/share/LazyVim/lazy/nvim-surround/lua
[13:40:43.130][info] [#0:script/workspace/loading.lua:100]: Preload file at: file:///home/james/.local/share/LazyVim/lazy/nvim-surround/lua/nvim-surround/queries.lua , size = 3.775 KB
[13:40:43.133][info] [#0:script/workspace/loading.lua:112]: ++++As library of:	file:///home/james/.local/share/LazyVim/lazy/nvim-surround/lua
[13:40:43.133][info] [#0:script/workspace/loading.lua:100]: Preload file at: file:///home/james/.local/share/LazyVim/lazy/nvim-surround/lua/nvim-surround/treesitter.lua , size = 2.461 KB
[13:40:43.134][info] [#0:script/workspace/loading.lua:112]: ++++As library of:	file:///home/james/.local/share/LazyVim/lazy/nvim-surround/lua
[13:40:43.134][info] [#0:script/workspace/loading.lua:100]: Preload file at: file:///home/james/.local/share/LazyVim/lazy/nvim-surround/lua/nvim-surround/utils.lua , size = 3.687 KB
[13:40:43.136][info] [#0:script/workspace/loading.lua:112]: ++++As library of:	file:///home/james/.local/share/LazyVim/lazy/nvim-surround/lua
[13:40:43.136][info] [#0:script/workspace/loading.lua:100]: Preload file at: file:///home/james/.local/share/LazyVim/mason/packages/lua-language-server/libexec/meta/LuaJIT%20en-us%20utf8/builtin.lua , size = 0.302 KB
[13:40:43.137][info] [#0:script/workspace/loading.lua:112]: ++++As library of:	file:///home/james/.local/share/LazyVim/mason/packages/lua-language-server/libexec/meta/LuaJIT%20en-us%20utf8/builtin.lua
[13:40:43.137][info] [#0:script/workspace/loading.lua:100]: Preload file at: file:///home/james/.local/share/LazyVim/mason/packages/lua-language-server/libexec/meta/LuaJIT%20en-us%20utf8/debug.lua , size = 7.310 KB
[13:40:43.142][info] [#0:script/workspace/loading.lua:112]: ++++As library of:	file:///home/james/.local/share/LazyVim/mason/packages/lua-language-server/libexec/meta/LuaJIT%20en-us%20utf8/debug.lua
[13:40:43.142][info] [#0:script/workspace/loading.lua:100]: Preload file at: file:///home/james/.local/share/LazyVim/mason/packages/lua-language-server/libexec/meta/LuaJIT%20en-us%20utf8/jit.lua , size = 0.884 KB
[13:40:43.144][info] [#0:script/workspace/loading.lua:112]: ++++As library of:	file:///home/james/.local/share/LazyVim/mason/packages/lua-language-server/libexec/meta/LuaJIT%20en-us%20utf8/jit.lua
[13:40:43.144][info] [#0:script/workspace/loading.lua:100]: Preload file at: file:///home/james/.local/share/LazyVim/mason/packages/lua-language-server/libexec/meta/LuaJIT%20en-us%20utf8/io.lua , size = 6.364 KB
[13:40:43.148][info] [#0:script/workspace/loading.lua:112]: ++++As library of:	file:///home/james/.local/share/LazyVim/mason/packages/lua-language-server/libexec/meta/LuaJIT%20en-us%20utf8/io.lua
[13:40:43.148][info] [#0:script/workspace/loading.lua:100]: Preload file at: file:///home/james/.local/share/LazyVim/mason/packages/lua-language-server/libexec/meta/LuaJIT%20en-us%20utf8/math.lua , size = 7.949 KB
[13:40:43.153][info] [#0:script/workspace/loading.lua:112]: ++++As library of:	file:///home/james/.local/share/LazyVim/mason/packages/lua-language-server/libexec/meta/LuaJIT%20en-us%20utf8/math.lua
[13:40:43.153][info] [#0:script/workspace/loading.lua:100]: Preload file at: file:///home/james/.local/share/LazyVim/mason/packages/lua-language-server/libexec/meta/LuaJIT%20en-us%20utf8/jit/profile.lua , size = 0.348 KB
[13:40:43.154][info] [#0:script/workspace/loading.lua:112]: ++++As library of:	file:///home/james/.local/share/LazyVim/mason/packages/lua-language-server/libexec/meta/LuaJIT%20en-us%20utf8/jit/profile.lua
[13:40:43.154][info] [#0:script/workspace/loading.lua:100]: Preload file at: file:///home/james/.local/share/LazyVim/mason/packages/lua-language-server/libexec/meta/LuaJIT%20en-us%20utf8/string/buffer.lua , size = 18.123 KB
[13:40:43.158][info] [#0:script/workspace/loading.lua:112]: ++++As library of:	file:///home/james/.local/share/LazyVim/mason/packages/lua-language-server/libexec/meta/LuaJIT%20en-us%20utf8/string/buffer.lua
[13:40:43.158][info] [#0:script/workspace/loading.lua:100]: Preload file at: file:///home/james/.local/share/LazyVim/mason/packages/lua-language-server/libexec/meta/LuaJIT%20en-us%20utf8/os.lua , size = 5.600 KB
[13:40:43.162][info] [#0:script/workspace/loading.lua:112]: ++++As library of:	file:///home/james/.local/share/LazyVim/mason/packages/lua-language-server/libexec/meta/LuaJIT%20en-us%20utf8/os.lua
[13:40:43.162][info] [#0:script/workspace/loading.lua:100]: Preload file at: file:///home/james/.local/share/LazyVim/mason/packages/lua-language-server/libexec/meta/LuaJIT%20en-us%20utf8/string.lua , size = 6.310 KB
[13:40:43.165][info] [#0:script/workspace/loading.lua:112]: ++++As library of:	file:///home/james/.local/share/LazyVim/mason/packages/lua-language-server/libexec/meta/LuaJIT%20en-us%20utf8/string.lua
[13:40:43.165][info] [#0:script/workspace/loading.lua:100]: Preload file at: file:///home/james/.local/share/LazyVim/mason/packages/lua-language-server/libexec/meta/LuaJIT%20en-us%20utf8/table/clear.lua , size = 0.797 KB
[13:40:43.166][info] [#0:script/workspace/loading.lua:112]: ++++As library of:	file:///home/james/.local/share/LazyVim/mason/packages/lua-language-server/libexec/meta/LuaJIT%20en-us%20utf8/table/clear.lua
[13:40:43.166][info] [#0:script/workspace/loading.lua:100]: Preload file at: file:///home/james/.local/share/LazyVim/mason/packages/lua-language-server/libexec/meta/LuaJIT%20en-us%20utf8/ffi.lua , size = 2.529 KB
[13:40:43.169][info] [#0:script/workspace/loading.lua:112]: ++++As library of:	file:///home/james/.local/share/LazyVim/mason/packages/lua-language-server/libexec/meta/LuaJIT%20en-us%20utf8/ffi.lua
[13:40:43.169][info] [#0:script/workspace/loading.lua:100]: Preload file at: file:///home/james/.local/share/LazyVim/mason/packages/lua-language-server/libexec/meta/LuaJIT%20en-us%20utf8/jit/util.lua , size = 1.984 KB
[13:40:43.171][info] [#0:script/workspace/loading.lua:112]: ++++As library of:	file:///home/james/.local/share/LazyVim/mason/packages/lua-language-server/libexec/meta/LuaJIT%20en-us%20utf8/jit/util.lua
[13:40:43.171][info] [#0:script/workspace/loading.lua:100]: Preload file at: file:///home/james/.config/LazyVim/lua/config/autocmds.lua , size = 0.208 KB
[13:40:43.171][info] [#0:script/workspace/loading.lua:112]: ++++As library of:	file:///home/james/.config/LazyVim/lua
[13:40:43.171][info] [#0:script/workspace/loading.lua:100]: Preload file at: file:///home/james/.local/share/LazyVim/lazy/nvim-surround/lua/nvim-surround/patterns.lua , size = 7.360 KB
[13:40:43.175][info] [#0:script/workspace/loading.lua:112]: ++++As library of:	file:///home/james/.local/share/LazyVim/lazy/nvim-surround/lua
[13:40:43.175][info] [#0:script/workspace/loading.lua:100]: Preload file at: file:///home/james/.config/LazyVim/lua/config/lazy.lua , size = 1.812 KB
[13:40:43.176][info] [#0:script/workspace/loading.lua:112]: ++++As library of:	file:///home/james/.config/LazyVim/lua
[13:40:43.176][info] [#0:script/workspace/loading.lua:100]: Preload file at: file:///home/james/.config/LazyVim/lua/config/options.lua , size = 0.691 KB
[13:40:43.176][info] [#0:script/workspace/loading.lua:112]: ++++As library of:	file:///home/james/.config/LazyVim/lua
[13:40:43.176][info] [#0:script/workspace/loading.lua:100]: Preload file at: file:///home/james/.config/LazyVim/lua/plugins/tmux.lua , size = 0.449 KB
[13:40:43.177][info] [#0:script/workspace/loading.lua:112]: ++++As library of:	file:///home/james/.config/LazyVim/lua
[13:40:43.177][info] [#0:script/workspace/loading.lua:100]: Preload file at: file:///home/james/.config/LazyVim/lua/plugins/example.lua , size = 5.113 KB
[13:40:43.179][info] [#0:script/workspace/loading.lua:112]: ++++As library of:	file:///home/james/.config/LazyVim/lua
[13:40:43.179][info] [#0:script/workspace/loading.lua:100]: Preload file at: file:///home/james/.config/LazyVim/lua/config/keymaps.lua , size = 10.395 KB
[13:40:43.182][info] [#0:script/workspace/loading.lua:112]: ++++As library of:	file:///home/james/.config/LazyVim/lua
[13:40:43.182][info] [#0:script/workspace/loading.lua:100]: Preload file at: file:///home/james/.config/LazyVim/lua/plugins/color_defualt.lua , size = 0.084 KB
[13:40:43.182][info] [#0:script/workspace/loading.lua:112]: ++++As library of:	file:///home/james/.config/LazyVim/lua
[13:40:43.182][info] [#0:script/workspace/loading.lua:100]: Preload file at: file:///home/james/.config/LazyVim/lua/plugins/colors.lua , size = 0.630 KB
[13:40:43.183][info] [#0:script/workspace/loading.lua:112]: ++++As library of:	file:///home/james/.config/LazyVim/lua
[13:40:43.183][info] [#0:script/workspace/loading.lua:100]: Preload file at: file:///home/james/.local/share/LazyVim/mason/packages/lua-language-server/libexec/meta/LuaJIT%20en-us%20utf8/bit.lua , size = 1.319 KB
[13:40:43.185][info] [#0:script/workspace/loading.lua:112]: ++++As library of:	file:///home/james/.local/share/LazyVim/mason/packages/lua-language-server/libexec/meta/LuaJIT%20en-us%20utf8/bit.lua
[13:40:43.185][info] [#0:script/workspace/loading.lua:100]: Preload file at: file:///home/james/.config/LazyVim/lua/plugins/surround-mini.lua , size = 1.329 KB
[13:40:43.186][info] [#0:script/workspace/loading.lua:112]: ++++As library of:	file:///home/james/.config/LazyVim/lua
[13:40:43.186][info] [#0:script/workspace/loading.lua:100]: Preload file at: file:///home/james/.local/share/LazyVim/mason/packages/lua-language-server/libexec/meta/LuaJIT%20en-us%20utf8/table/new.lua , size = 0.642 KB
[13:40:43.187][info] [#0:script/workspace/loading.lua:112]: ++++As library of:	file:///home/james/.local/share/LazyVim/mason/packages/lua-language-server/libexec/meta/LuaJIT%20en-us%20utf8/table/new.lua
[13:40:43.187][info] [#0:script/workspace/loading.lua:100]: Preload file at: file:///home/james/.config/LazyVim/init.lua , size = 0.070 KB
[13:40:43.187][info] [#0:script/workspace/loading.lua:100]: Preload file at: file:///home/james/.local/share/LazyVim/mason/packages/lua-language-server/libexec/meta/LuaJIT%20en-us%20utf8/basic.lua , size = 15.233 KB
[13:40:43.195][info] [#0:script/workspace/loading.lua:112]: ++++As library of:	file:///home/james/.local/share/LazyVim/mason/packages/lua-language-server/libexec/meta/LuaJIT%20en-us%20utf8/basic.lua
[13:40:43.298][info] [#0:script/workspace/loading.lua:172]: Loaded files takes [1.464] sec: file:///home/james/.config/LazyVim
[13:40:43.298][info] [#0:script/workspace/loading.lua:181]: Compile files takes [0.000] sec: file:///home/james/.config/LazyVim
[13:40:43.298][info] [#0:script/workspace/loading.lua:182]: Loaded finish:	file:///home/james/.config/LazyVim
[13:40:43.298][info] [#0:script/workspace/workspace.lua:381]: Preload finish at:	file:///home/james/.config/LazyVim
[13:40:43.349][warn] [#0:script/proto/proto.lua:189]: Method [textDocument/didOpen] takes [1.590]sec. {
  jsonrpc = "2.0",
  method = "textDocument/didOpen",
  params = {
    textDocument = {
      languageId = "lua",
      text = '"***"',
      uri = "file:///home/james/.config/LazyVim/lua/plugins/surround.lua",
      version = 0
    }
  }
}
[13:40:43.358][info] [#0:script/provider/diagnostic.lua:560]: Diagnostics scope [file:///home/james/.config/LazyVim], files count:[141]
[13:40:43.358][warn] [#0:script/proto/proto.lua:189]: Method [textDocument/documentHighlight] takes [1.598]sec. {
  id = 6,
  jsonrpc = "2.0",
  method = "textDocument/documentHighlight",
  params = {
    position = {
      character = 0,
      line = 4
    },
    textDocument = {
      uri = "file:///home/james/.config/LazyVim/lua/plugins/surround.lua"
    }
  }
}
[13:40:43.361][warn] [#0:script/proto/proto.lua:189]: Method [textDocument/inlayHint] takes [1.556]sec. {
  id = 8,
  jsonrpc = "2.0",
  method = "textDocument/inlayHint",
  params = {
    range = {
      end = {
        character = 0,
        line = 10
      },
      start = {
        character = 0,
        line = 0
      }
    },
    textDocument = {
      uri = "file:///home/james/.config/LazyVim/lua/plugins/surround.lua"
    }
  }
}
[13:40:43.361][warn] [#0:script/proto/proto.lua:189]: Method [textDocument/inlayHint] takes [1.555]sec. {
  id = 10,
  jsonrpc = "2.0",
  method = "textDocument/inlayHint",
  params = {
    range = {
      end = {
        character = 0,
        line = 10
      },
      start = {
        character = 0,
        line = 0
      }
    },
    textDocument = {
      uri = "file:///home/james/.config/LazyVim/lua/plugins/surround.lua"
    }
  }
}
[13:40:43.361][warn] [#0:script/proto/proto.lua:189]: Method [textDocument/inlayHint] takes [1.555]sec. {
  id = 12,
  jsonrpc = "2.0",
  method = "textDocument/inlayHint",
  params = {
    range = {
      end = {
        character = 0,
        line = 10
      },
      start = {
        character = 0,
        line = 0
      }
    },
    textDocument = {
      uri = "file:///home/james/.config/LazyVim/lua/plugins/surround.lua"
    }
  }
}
[13:40:43.362][warn] [#0:script/proto/proto.lua:189]: Method [textDocument/inlayHint] takes [1.555]sec. {
  id = 14,
  jsonrpc = "2.0",
  method = "textDocument/inlayHint",
  params = {
    range = {
      end = {
        character = 0,
        line = 10
      },
      start = {
        character = 0,
        line = 0
      }
    },
    textDocument = {
      uri = "file:///home/james/.config/LazyVim/lua/plugins/surround.lua"
    }
  }
}
[13:40:43.362][warn] [#0:script/proto/proto.lua:189]: Method [textDocument/inlayHint] takes [1.556]sec. {
  id = 16,
  jsonrpc = "2.0",
  method = "textDocument/inlayHint",
  params = {
    range = {
      end = {
        character = 0,
        line = 10
      },
      start = {
        character = 0,
        line = 0
      }
    },
    textDocument = {
      uri = "file:///home/james/.config/LazyVim/lua/plugins/surround.lua"
    }
  }
}
[13:40:43.362][warn] [#0:script/proto/proto.lua:189]: Method [textDocument/inlayHint] takes [1.555]sec. {
  id = 18,
  jsonrpc = "2.0",
  method = "textDocument/inlayHint",
  params = {
    range = {
      end = {
        character = 0,
        line = 10
      },
      start = {
        character = 0,
        line = 0
      }
    },
    textDocument = {
      uri = "file:///home/james/.config/LazyVim/lua/plugins/surround.lua"
    }
  }
}
[13:40:43.362][warn] [#0:script/proto/proto.lua:189]: Method [textDocument/semanticTokens/full] takes [1.556]sec. {
  id = 17,
  jsonrpc = "2.0",
  method = "textDocument/semanticTokens/full",
  params = {
    textDocument = {
      uri = "file:///home/james/.config/LazyVim/lua/plugins/surround.lua"
    }
  }
}
[13:40:43.364][warn] [#0:script/proto/proto.lua:189]: Method [textDocument/documentSymbol] takes [1.602]sec. {
  id = 5,
  jsonrpc = "2.0",
  method = "textDocument/documentSymbol",
  params = {
    textDocument = {
      uri = "file:///home/james/.config/LazyVim/lua/plugins/surround.lua"
    }
  }
}
[13:40:43.393][info] [#0:script/provider/diagnostic.lua:577]: Diagnostics scope [file:///home/james/.config/LazyVim] finished, takes [0.018] sec.
[13:40:59.770][info] [#0:script/provider/diagnostic.lua:171]: clearDiagnostics	file:///home/james/.config/LazyVim/lua/plugins/surround.lua
[13:41:10.982][info] [#0:script/provider/diagnostic.lua:171]: clearDiagnostics	file:///home/james/.config/LazyVim/lua/plugins/surround.lua
[13:41:19.881][info] [#0:script/provider/diagnostic.lua:171]: clearDiagnostics	file:///home/james/.config/LazyVim/lua/plugins/surround.lua
[13:42:48.190][info] [#0:script/provider/diagnostic.lua:171]: clearDiagnostics	file:///home/james/.config/LazyVim/lua/plugins/surround.lua
[13:42:53.598][info] [#0:script/provider/provider.lua:173]: Server shutdown.
[13:42:53.599][warn] [#0:script/pub/report.lua:24]: Load proto error:	Disconnected!
